# project ns (3-dev) configured on Sat Jul  3 14:46:34 2021 by
# waf 1.8.19 (abi 98, python 20705f0 on linux2)
# using ./waf configure --build-profile=optimized
#
----------------------------------------
Setting top to
/home/mdiarra/RAPID/rapid
----------------------------------------
Setting out to
/home/mdiarra/RAPID/rapid/build
----------------------------------------
Checking for 'gcc' (C compiler)
find program='/misc/opt/gcc/7.3.0/bin/gcc' paths=['/misc/opt/gcc/7.3.0/bin', '/misc/opt/gcc/7.3.0/include', '/usr/lib64/qt-3.3/bin', '/usr/local/bin', '/usr/bin', '/usr/local/sbin', '/usr/sbin', '/home/mdiarra/bin'] var='CC' -> ['/misc/opt/gcc/7.3.0/bin/gcc']
['/misc/opt/gcc/7.3.0/bin/gcc', '-dM', '-E', '-']
out: #define __DBL_MIN_EXP__ (-1021)
#define __FLT32X_MAX_EXP__ 1024
#define __UINT_LEAST16_MAX__ 0xffff
#define __ATOMIC_ACQUIRE 2
#define __FLT128_MAX_10_EXP__ 4932
#define __FLT_MIN__ 1.17549435082228750796873653722224568e-38F
#define __GCC_IEC_559_COMPLEX 2
#define __UINT_LEAST8_TYPE__ unsigned char
#define __SIZEOF_FLOAT80__ 16
#define __INTMAX_C(c) c ## L
#define __CHAR_BIT__ 8
#define __UINT8_MAX__ 0xff
#define __WINT_MAX__ 0xffffffffU
#define __FLT32_MIN_EXP__ (-125)
#define __ORDER_LITTLE_ENDIAN__ 1234
#define __SIZE_MAX__ 0xffffffffffffffffUL
#define __WCHAR_MAX__ 0x7fffffff
#define __GCC_HAVE_SYNC_COMPARE_AND_SWAP_1 1
#define __GCC_HAVE_SYNC_COMPARE_AND_SWAP_2 1
#define __GCC_HAVE_SYNC_COMPARE_AND_SWAP_4 1
#define __DBL_DENORM_MIN__ ((double)4.94065645841246544176568792868221372e-324L)
#define __GCC_HAVE_SYNC_COMPARE_AND_SWAP_8 1
#define __GCC_ATOMIC_CHAR_LOCK_FREE 2
#define __GCC_IEC_559 2
#define __FLT32X_DECIMAL_DIG__ 17
#define __FLT_EVAL_METHOD__ 0
#define __unix__ 1
#define __FLT64_DECIMAL_DIG__ 17
#define __GCC_ATOMIC_CHAR32_T_LOCK_FREE 2
#define __x86_64 1
#define __UINT_FAST64_MAX__ 0xffffffffffffffffUL
#define __SIG_ATOMIC_TYPE__ int
#define __DBL_MIN_10_EXP__ (-307)
#define __FINITE_MATH_ONLY__ 0
#define __GNUC_PATCHLEVEL__ 0
#define __FLT32_HAS_DENORM__ 1
#define __UINT_FAST8_MAX__ 0xff
#define __has_include(STR) __has_include__(STR)
#define __DEC64_MAX_EXP__ 385
#define __INT8_C(c) c
#define __INT_LEAST8_WIDTH__ 8
#define __UINT_LEAST64_MAX__ 0xffffffffffffffffUL
#define __SHRT_MAX__ 0x7fff
#define __LDBL_MAX__ 1.18973149535723176502126385303097021e+4932L
#define __FLT64X_MAX_10_EXP__ 4932
#define __UINT_LEAST8_MAX__ 0xff
#define __GCC_ATOMIC_BOOL_LOCK_FREE 2
#define __FLT128_DENORM_MIN__ 6.47517511943802511092443895822764655e-4966F128
#define __UINTMAX_TYPE__ long unsigned int
#define __linux 1
#define __DEC32_EPSILON__ 1E-6DF
#define __FLT_EVAL_METHOD_TS_18661_3__ 0
#define __unix 1
#define __UINT32_MAX__ 0xffffffffU
#define __LDBL_MAX_EXP__ 16384
#define __FLT128_MIN_EXP__ (-16381)
#define __WINT_MIN__ 0U
#define __linux__ 1
#define __FLT128_MIN_10_EXP__ (-4931)
#define __INT_LEAST16_WIDTH__ 16
#define __SCHAR_MAX__ 0x7f
#define __FLT128_MANT_DIG__ 113
#define __WCHAR_MIN__ (-__WCHAR_MAX__ - 1)
#define __INT64_C(c) c ## L
#define __DBL_DIG__ 15
#define __GCC_ATOMIC_POINTER_LOCK_FREE 2
#define __FLT64X_MANT_DIG__ 64
#define __SIZEOF_INT__ 4
#define __SIZEOF_POINTER__ 8
#define __USER_LABEL_PREFIX__ 
#define __FLT64X_EPSILON__ 1.08420217248550443400745280086994171e-19F64x
#define __STDC_HOSTED__ 1
#define __LDBL_HAS_INFINITY__ 1
#define __FLT32_DIG__ 6
#define __FLT_EPSILON__ 1.19209289550781250000000000000000000e-7F
#define __SHRT_WIDTH__ 16
#define __LDBL_MIN__ 3.36210314311209350626267781732175260e-4932L
#define __STDC_UTF_16__ 1
#define __DEC32_MAX__ 9.999999E96DF
#define __FLT64X_DENORM_MIN__ 3.64519953188247460252840593361941982e-4951F64x
#define __FLT32X_HAS_INFINITY__ 1
#define __INT32_MAX__ 0x7fffffff
#define __INT_WIDTH__ 32
#define __SIZEOF_LONG__ 8
#define __STDC_IEC_559__ 1
#define __STDC_ISO_10646__ 201103L
#define __UINT16_C(c) c
#define __PTRDIFF_WIDTH__ 64
#define __DECIMAL_DIG__ 21
#define __FLT64_EPSILON__ 2.22044604925031308084726333618164062e-16F64
#define __gnu_linux__ 1
#define __INTMAX_WIDTH__ 64
#define __has_include_next(STR) __has_include_next__(STR)
#define __FLT64X_MIN_10_EXP__ (-4931)
#define __LDBL_HAS_QUIET_NAN__ 1
#define __FLT64_MANT_DIG__ 53
#define __GNUC__ 7
#define __MMX__ 1
#define __FLT_HAS_DENORM__ 1
#define __SIZEOF_LONG_DOUBLE__ 16
#define __BIGGEST_ALIGNMENT__ 16
#define __FLT64_MAX_10_EXP__ 308
#define __DBL_MAX__ ((double)1.79769313486231570814527423731704357e+308L)
#define __INT_FAST32_MAX__ 0x7fffffffffffffffL
#define __DBL_HAS_INFINITY__ 1
#define __DEC32_MIN_EXP__ (-94)
#define __INTPTR_WIDTH__ 64
#define __FLT32X_HAS_DENORM__ 1
#define __INT_FAST16_TYPE__ long int
#define __LDBL_HAS_DENORM__ 1
#define __FLT128_HAS_INFINITY__ 1
#define __DEC128_MAX__ 9.999999999999999999999999999999999E6144DL
#define __INT_LEAST32_MAX__ 0x7fffffff
#define __DEC32_MIN__ 1E-95DF
#define __DBL_MAX_EXP__ 1024
#define __WCHAR_WIDTH__ 32
#define __FLT32_MAX__ 3.40282346638528859811704183484516925e+38F32
#define __DEC128_EPSILON__ 1E-33DL
#define __SSE2_MATH__ 1
#define __ATOMIC_HLE_RELEASE 131072
#define __PTRDIFF_MAX__ 0x7fffffffffffffffL
#define __amd64 1
#define __STDC_NO_THREADS__ 1
#define __ATOMIC_HLE_ACQUIRE 65536
#define __FLT32_HAS_QUIET_NAN__ 1
#define __LONG_LONG_MAX__ 0x7fffffffffffffffLL
#define __SIZEOF_SIZE_T__ 8
#define __FLT64X_MIN_EXP__ (-16381)
#define __SIZEOF_WINT_T__ 4
#define __LONG_LONG_WIDTH__ 64
#define __FLT32_MAX_EXP__ 128
#define __GCC_HAVE_DWARF2_CFI_ASM 1
#define __GXX_ABI_VERSION 1011
#define __FLT_MIN_EXP__ (-125)
#define __FLT64X_HAS_QUIET_NAN__ 1
#define __INT_FAST64_TYPE__ long int
#define __FLT64_DENORM_MIN__ 4.94065645841246544176568792868221372e-324F64
#define __DBL_MIN__ ((double)2.22507385850720138309023271733240406e-308L)
#define __LP64__ 1
#define __FLT32X_EPSILON__ 2.22044604925031308084726333618164062e-16F32x
#define __DECIMAL_BID_FORMAT__ 1
#define __FLT64_MIN_EXP__ (-1021)
#define __FLT64_MIN_10_EXP__ (-307)
#define __FLT64X_DECIMAL_DIG__ 21
#define __DEC128_MIN__ 1E-6143DL
#define __REGISTER_PREFIX__ 
#define __UINT16_MAX__ 0xffff
#define __DBL_HAS_DENORM__ 1
#define __FLT32_MIN__ 1.17549435082228750796873653722224568e-38F32
#define __UINT8_TYPE__ unsigned char
#define __NO_INLINE__ 1
#define __FLT_MANT_DIG__ 24
#define __LDBL_DECIMAL_DIG__ 21
#define __VERSION__ "7.3.0"
#define __UINT64_C(c) c ## UL
#define _STDC_PREDEF_H 1
#define __GCC_ATOMIC_INT_LOCK_FREE 2
#define __FLT128_MAX_EXP__ 16384
#define __FLT32_MANT_DIG__ 24
#define __FLOAT_WORD_ORDER__ __ORDER_LITTLE_ENDIAN__
#define __STDC_IEC_559_COMPLEX__ 1
#define __FLT128_HAS_DENORM__ 1
#define __FLT128_DIG__ 33
#define __SCHAR_WIDTH__ 8
#define __INT32_C(c) c
#define __DEC64_EPSILON__ 1E-15DD
#define __ORDER_PDP_ENDIAN__ 3412
#define __DEC128_MIN_EXP__ (-6142)
#define __FLT32_MAX_10_EXP__ 38
#define __INT_FAST32_TYPE__ long int
#define __UINT_LEAST16_TYPE__ short unsigned int
#define __FLT64X_HAS_INFINITY__ 1
#define unix 1
#define __INT16_MAX__ 0x7fff
#define __SIZE_TYPE__ long unsigned int
#define __UINT64_MAX__ 0xffffffffffffffffUL
#define __FLT64X_DIG__ 18
#define __INT8_TYPE__ signed char
#define __ELF__ 1
#define __GCC_ASM_FLAG_OUTPUTS__ 1
#define __FLT_RADIX__ 2
#define __INT_LEAST16_TYPE__ short int
#define __LDBL_EPSILON__ 1.08420217248550443400745280086994171e-19L
#define __UINTMAX_C(c) c ## UL
#define __SSE_MATH__ 1
#define __k8 1
#define __SIG_ATOMIC_MAX__ 0x7fffffff
#define __GCC_ATOMIC_WCHAR_T_LOCK_FREE 2
#define __SIZEOF_PTRDIFF_T__ 8
#define __FLT32X_MANT_DIG__ 53
#define __x86_64__ 1
#define __FLT32X_MIN_EXP__ (-1021)
#define __DEC32_SUBNORMAL_MIN__ 0.000001E-95DF
#define __INT_FAST16_MAX__ 0x7fffffffffffffffL
#define __FLT64_DIG__ 15
#define __UINT_FAST32_MAX__ 0xffffffffffffffffUL
#define __UINT_LEAST64_TYPE__ long unsigned int
#define __FLT_HAS_QUIET_NAN__ 1
#define __FLT_MAX_10_EXP__ 38
#define __LONG_MAX__ 0x7fffffffffffffffL
#define __FLT64X_HAS_DENORM__ 1
#define __DEC128_SUBNORMAL_MIN__ 0.000000000000000000000000000000001E-6143DL
#define __FLT_HAS_INFINITY__ 1
#define __UINT_FAST16_TYPE__ long unsigned int
#define __DEC64_MAX__ 9.999999999999999E384DD
#define __INT_FAST32_WIDTH__ 64
#define __CHAR16_TYPE__ short unsigned int
#define __PRAGMA_REDEFINE_EXTNAME 1
#define __SIZE_WIDTH__ 64
#define __SEG_FS 1
#define __INT_LEAST16_MAX__ 0x7fff
#define __DEC64_MANT_DIG__ 16
#define __INT64_MAX__ 0x7fffffffffffffffL
#define __UINT_LEAST32_MAX__ 0xffffffffU
#define __SEG_GS 1
#define __FLT32_DENORM_MIN__ 1.40129846432481707092372958328991613e-45F32
#define __GCC_ATOMIC_LONG_LOCK_FREE 2
#define __SIG_ATOMIC_WIDTH__ 32
#define __INT_LEAST64_TYPE__ long int
#define __INT16_TYPE__ short int
#define __INT_LEAST8_TYPE__ signed char
#define __STDC_VERSION__ 201112L
#define __DEC32_MAX_EXP__ 97
#define __INT_FAST8_MAX__ 0x7f
#define __FLT128_MAX__ 1.18973149535723176508575932662800702e+4932F128
#define __INTPTR_MAX__ 0x7fffffffffffffffL
#define linux 1
#define __FLT64_HAS_QUIET_NAN__ 1
#define __FLT32_MIN_10_EXP__ (-37)
#define __SSE2__ 1
#define __FLT32X_DIG__ 15
#define __LDBL_MANT_DIG__ 64
#define __DBL_HAS_QUIET_NAN__ 1
#define __FLT64_HAS_INFINITY__ 1
#define __FLT64X_MAX__ 1.18973149535723176502126385303097021e+4932F64x
#define __SIG_ATOMIC_MIN__ (-__SIG_ATOMIC_MAX__ - 1)
#define __code_model_small__ 1
#define __k8__ 1
#define __INTPTR_TYPE__ long int
#define __UINT16_TYPE__ short unsigned int
#define __WCHAR_TYPE__ int
#define __SIZEOF_FLOAT__ 4
#define __UINTPTR_MAX__ 0xffffffffffffffffUL
#define __INT_FAST64_WIDTH__ 64
#define __DEC64_MIN_EXP__ (-382)
#define __FLT32_DECIMAL_DIG__ 9
#define __INT_FAST64_MAX__ 0x7fffffffffffffffL
#define __GCC_ATOMIC_TEST_AND_SET_TRUEVAL 1
#define __FLT_DIG__ 6
#define __FLT32_HAS_INFINITY__ 1
#define __FLT64X_MAX_EXP__ 16384
#define __UINT_FAST64_TYPE__ long unsigned int
#define __INT_MAX__ 0x7fffffff
#define __amd64__ 1
#define __INT64_TYPE__ long int
#define __FLT_MAX_EXP__ 128
#define __ORDER_BIG_ENDIAN__ 4321
#define __DBL_MANT_DIG__ 53
#define __SIZEOF_FLOAT128__ 16
#define __INT_LEAST64_MAX__ 0x7fffffffffffffffL
#define __GCC_ATOMIC_CHAR16_T_LOCK_FREE 2
#define __DEC64_MIN__ 1E-383DD
#define __WINT_TYPE__ unsigned int
#define __UINT_LEAST32_TYPE__ unsigned int
#define __SIZEOF_SHORT__ 2
#define __SSE__ 1
#define __LDBL_MIN_EXP__ (-16381)
#define __FLT64_MAX__ 1.79769313486231570814527423731704357e+308F64
#define __WINT_WIDTH__ 32
#define __INT_LEAST8_MAX__ 0x7f
#define __FLT32X_MAX_10_EXP__ 308
#define __SIZEOF_INT128__ 16
#define __LDBL_MAX_10_EXP__ 4932
#define __ATOMIC_RELAXED 0
#define __DBL_EPSILON__ ((double)2.22044604925031308084726333618164062e-16L)
#define __FLT128_MIN__ 3.36210314311209350626267781732175260e-4932F128
#define _LP64 1
#define __UINT8_C(c) c
#define __FLT64_MAX_EXP__ 1024
#define __INT_LEAST32_TYPE__ int
#define __SIZEOF_WCHAR_T__ 4
#define __UINT64_TYPE__ long unsigned int
#define __FLT128_HAS_QUIET_NAN__ 1
#define __INT_FAST8_TYPE__ signed char
#define __FLT64X_MIN__ 3.36210314311209350626267781732175260e-4932F64x
#define __GNUC_STDC_INLINE__ 1
#define __FLT64_HAS_DENORM__ 1
#define __FLT32_EPSILON__ 1.19209289550781250000000000000000000e-7F32
#define __DBL_DECIMAL_DIG__ 17
#define __STDC_UTF_32__ 1
#define __INT_FAST8_WIDTH__ 8
#define __FXSR__ 1
#define __DEC_EVAL_METHOD__ 2
#define __FLT32X_MAX__ 1.79769313486231570814527423731704357e+308F32x
#define __UINT32_C(c) c ## U
#define __INTMAX_MAX__ 0x7fffffffffffffffL
#define __BYTE_ORDER__ __ORDER_LITTLE_ENDIAN__
#define __FLT_DENORM_MIN__ 1.40129846432481707092372958328991613e-45F
#define __INT8_MAX__ 0x7f
#define __LONG_WIDTH__ 64
#define __UINT_FAST32_TYPE__ long unsigned int
#define __CHAR32_TYPE__ unsigned int
#define __FLT_MAX__ 3.40282346638528859811704183484516925e+38F
#define __INT32_TYPE__ int
#define __SIZEOF_DOUBLE__ 8
#define __FLT_MIN_10_EXP__ (-37)
#define __FLT64_MIN__ 2.22507385850720138309023271733240406e-308F64
#define __INT_LEAST32_WIDTH__ 32
#define __INTMAX_TYPE__ long int
#define __DEC128_MAX_EXP__ 6145
#define __FLT32X_HAS_QUIET_NAN__ 1
#define __ATOMIC_CONSUME 1
#define __GNUC_MINOR__ 3
#define __INT_FAST16_WIDTH__ 64
#define __UINTMAX_MAX__ 0xffffffffffffffffUL
#define __DEC32_MANT_DIG__ 7
#define __FLT32X_DENORM_MIN__ 4.94065645841246544176568792868221372e-324F32x
#define __DBL_MAX_10_EXP__ 308
#define __LDBL_DENORM_MIN__ 3.64519953188247460252840593361941982e-4951L
#define __INT16_C(c) c
#define __STDC__ 1
#define __PTRDIFF_TYPE__ long int
#define __ATOMIC_SEQ_CST 5
#define __UINT32_TYPE__ unsigned int
#define __FLT32X_MIN_10_EXP__ (-307)
#define __UINTPTR_TYPE__ long unsigned int
#define __DEC64_SUBNORMAL_MIN__ 0.000000000000001E-383DD
#define __DEC128_MANT_DIG__ 34
#define __LDBL_MIN_10_EXP__ (-4931)
#define __FLT128_EPSILON__ 1.92592994438723585305597794258492732e-34F128
#define __SIZEOF_LONG_LONG__ 8
#define __FLT128_DECIMAL_DIG__ 36
#define __GCC_ATOMIC_LLONG_LOCK_FREE 2
#define __FLT32X_MIN__ 2.22507385850720138309023271733240406e-308F32x
#define __LDBL_DIG__ 18
#define __FLT_DECIMAL_DIG__ 9
#define __UINT_FAST16_MAX__ 0xffffffffffffffffUL
#define __GCC_ATOMIC_SHORT_LOCK_FREE 2
#define __INT_LEAST64_WIDTH__ 64
#define __UINT_FAST8_TYPE__ unsigned char
#define __ATOMIC_ACQ_REL 4
#define __ATOMIC_RELEASE 3

find program=['ar'] paths=['/misc/opt/gcc/7.3.0/bin', '/misc/opt/gcc/7.3.0/include', '/usr/lib64/qt-3.3/bin', '/usr/local/bin', '/usr/bin', '/usr/local/sbin', '/usr/sbin', '/home/mdiarra/bin'] var='AR' -> ['/usr/bin/ar']
/misc/opt/gcc/7.3.0/bin/gcc
----------------------------------------
Checking for cc version
7.3.0
----------------------------------------
Checking for 'g++' (C++ compiler)
find program='/misc/opt/gcc/7.3.0/bin/g++' paths=['/misc/opt/gcc/7.3.0/bin', '/misc/opt/gcc/7.3.0/include', '/usr/lib64/qt-3.3/bin', '/usr/local/bin', '/usr/bin', '/usr/local/sbin', '/usr/sbin', '/home/mdiarra/bin'] var='CXX' -> ['/misc/opt/gcc/7.3.0/bin/g++']
['/misc/opt/gcc/7.3.0/bin/g++', '-dM', '-E', '-']
out: #define __DBL_MIN_EXP__ (-1021)
#define __FLT32X_MAX_EXP__ 1024
#define __UINT_LEAST16_MAX__ 0xffff
#define __ATOMIC_ACQUIRE 2
#define __FLT128_MAX_10_EXP__ 4932
#define __FLT_MIN__ 1.17549435082228750796873653722224568e-38F
#define __GCC_IEC_559_COMPLEX 2
#define __UINT_LEAST8_TYPE__ unsigned char
#define __SIZEOF_FLOAT80__ 16
#define __INTMAX_C(c) c ## L
#define __CHAR_BIT__ 8
#define __UINT8_MAX__ 0xff
#define __WINT_MAX__ 0xffffffffU
#define __FLT32_MIN_EXP__ (-125)
#define __ORDER_LITTLE_ENDIAN__ 1234
#define __SIZE_MAX__ 0xffffffffffffffffUL
#define __WCHAR_MAX__ 0x7fffffff
#define __GCC_HAVE_SYNC_COMPARE_AND_SWAP_1 1
#define __GCC_HAVE_SYNC_COMPARE_AND_SWAP_2 1
#define __GCC_HAVE_SYNC_COMPARE_AND_SWAP_4 1
#define __DBL_DENORM_MIN__ ((double)4.94065645841246544176568792868221372e-324L)
#define __GCC_HAVE_SYNC_COMPARE_AND_SWAP_8 1
#define __GCC_ATOMIC_CHAR_LOCK_FREE 2
#define __GCC_IEC_559 2
#define __FLT32X_DECIMAL_DIG__ 17
#define __FLT_EVAL_METHOD__ 0
#define __unix__ 1
#define __FLT64_DECIMAL_DIG__ 17
#define __GCC_ATOMIC_CHAR32_T_LOCK_FREE 2
#define __x86_64 1
#define __UINT_FAST64_MAX__ 0xffffffffffffffffUL
#define __SIG_ATOMIC_TYPE__ int
#define __DBL_MIN_10_EXP__ (-307)
#define __FINITE_MATH_ONLY__ 0
#define __GNUC_PATCHLEVEL__ 0
#define __FLT32_HAS_DENORM__ 1
#define __UINT_FAST8_MAX__ 0xff
#define __has_include(STR) __has_include__(STR)
#define __DEC64_MAX_EXP__ 385
#define __INT8_C(c) c
#define __INT_LEAST8_WIDTH__ 8
#define __UINT_LEAST64_MAX__ 0xffffffffffffffffUL
#define __SHRT_MAX__ 0x7fff
#define __LDBL_MAX__ 1.18973149535723176502126385303097021e+4932L
#define __FLT64X_MAX_10_EXP__ 4932
#define __UINT_LEAST8_MAX__ 0xff
#define __GCC_ATOMIC_BOOL_LOCK_FREE 2
#define __FLT128_DENORM_MIN__ 6.47517511943802511092443895822764655e-4966F128
#define __UINTMAX_TYPE__ long unsigned int
#define __linux 1
#define __DEC32_EPSILON__ 1E-6DF
#define __FLT_EVAL_METHOD_TS_18661_3__ 0
#define __unix 1
#define __UINT32_MAX__ 0xffffffffU
#define __LDBL_MAX_EXP__ 16384
#define __FLT128_MIN_EXP__ (-16381)
#define __WINT_MIN__ 0U
#define __linux__ 1
#define __FLT128_MIN_10_EXP__ (-4931)
#define __INT_LEAST16_WIDTH__ 16
#define __SCHAR_MAX__ 0x7f
#define __FLT128_MANT_DIG__ 113
#define __WCHAR_MIN__ (-__WCHAR_MAX__ - 1)
#define __INT64_C(c) c ## L
#define __DBL_DIG__ 15
#define __GCC_ATOMIC_POINTER_LOCK_FREE 2
#define __FLT64X_MANT_DIG__ 64
#define __SIZEOF_INT__ 4
#define __SIZEOF_POINTER__ 8
#define __USER_LABEL_PREFIX__ 
#define __FLT64X_EPSILON__ 1.08420217248550443400745280086994171e-19F64x
#define __STDC_HOSTED__ 1
#define __LDBL_HAS_INFINITY__ 1
#define __FLT32_DIG__ 6
#define __FLT_EPSILON__ 1.19209289550781250000000000000000000e-7F
#define __SHRT_WIDTH__ 16
#define __LDBL_MIN__ 3.36210314311209350626267781732175260e-4932L
#define __STDC_UTF_16__ 1
#define __DEC32_MAX__ 9.999999E96DF
#define __FLT64X_DENORM_MIN__ 3.64519953188247460252840593361941982e-4951F64x
#define __FLT32X_HAS_INFINITY__ 1
#define __INT32_MAX__ 0x7fffffff
#define __INT_WIDTH__ 32
#define __SIZEOF_LONG__ 8
#define __STDC_IEC_559__ 1
#define __STDC_ISO_10646__ 201103L
#define __UINT16_C(c) c
#define __PTRDIFF_WIDTH__ 64
#define __DECIMAL_DIG__ 21
#define __FLT64_EPSILON__ 2.22044604925031308084726333618164062e-16F64
#define __gnu_linux__ 1
#define __INTMAX_WIDTH__ 64
#define __has_include_next(STR) __has_include_next__(STR)
#define __FLT64X_MIN_10_EXP__ (-4931)
#define __LDBL_HAS_QUIET_NAN__ 1
#define __FLT64_MANT_DIG__ 53
#define __GNUC__ 7
#define __MMX__ 1
#define __FLT_HAS_DENORM__ 1
#define __SIZEOF_LONG_DOUBLE__ 16
#define __BIGGEST_ALIGNMENT__ 16
#define __FLT64_MAX_10_EXP__ 308
#define __DBL_MAX__ ((double)1.79769313486231570814527423731704357e+308L)
#define __INT_FAST32_MAX__ 0x7fffffffffffffffL
#define __DBL_HAS_INFINITY__ 1
#define __DEC32_MIN_EXP__ (-94)
#define __INTPTR_WIDTH__ 64
#define __FLT32X_HAS_DENORM__ 1
#define __INT_FAST16_TYPE__ long int
#define __LDBL_HAS_DENORM__ 1
#define __FLT128_HAS_INFINITY__ 1
#define __DEC128_MAX__ 9.999999999999999999999999999999999E6144DL
#define __INT_LEAST32_MAX__ 0x7fffffff
#define __DEC32_MIN__ 1E-95DF
#define __DBL_MAX_EXP__ 1024
#define __WCHAR_WIDTH__ 32
#define __FLT32_MAX__ 3.40282346638528859811704183484516925e+38F32
#define __DEC128_EPSILON__ 1E-33DL
#define __SSE2_MATH__ 1
#define __ATOMIC_HLE_RELEASE 131072
#define __PTRDIFF_MAX__ 0x7fffffffffffffffL
#define __amd64 1
#define __STDC_NO_THREADS__ 1
#define __ATOMIC_HLE_ACQUIRE 65536
#define __FLT32_HAS_QUIET_NAN__ 1
#define __LONG_LONG_MAX__ 0x7fffffffffffffffLL
#define __SIZEOF_SIZE_T__ 8
#define __FLT64X_MIN_EXP__ (-16381)
#define __SIZEOF_WINT_T__ 4
#define __LONG_LONG_WIDTH__ 64
#define __FLT32_MAX_EXP__ 128
#define __GCC_HAVE_DWARF2_CFI_ASM 1
#define __GXX_ABI_VERSION 1011
#define __FLT_MIN_EXP__ (-125)
#define __FLT64X_HAS_QUIET_NAN__ 1
#define __INT_FAST64_TYPE__ long int
#define __FLT64_DENORM_MIN__ 4.94065645841246544176568792868221372e-324F64
#define __DBL_MIN__ ((double)2.22507385850720138309023271733240406e-308L)
#define __LP64__ 1
#define __FLT32X_EPSILON__ 2.22044604925031308084726333618164062e-16F32x
#define __DECIMAL_BID_FORMAT__ 1
#define __FLT64_MIN_EXP__ (-1021)
#define __FLT64_MIN_10_EXP__ (-307)
#define __FLT64X_DECIMAL_DIG__ 21
#define __DEC128_MIN__ 1E-6143DL
#define __REGISTER_PREFIX__ 
#define __UINT16_MAX__ 0xffff
#define __DBL_HAS_DENORM__ 1
#define __FLT32_MIN__ 1.17549435082228750796873653722224568e-38F32
#define __UINT8_TYPE__ unsigned char
#define __NO_INLINE__ 1
#define __FLT_MANT_DIG__ 24
#define __LDBL_DECIMAL_DIG__ 21
#define __VERSION__ "7.3.0"
#define __UINT64_C(c) c ## UL
#define _STDC_PREDEF_H 1
#define __GCC_ATOMIC_INT_LOCK_FREE 2
#define __FLT128_MAX_EXP__ 16384
#define __FLT32_MANT_DIG__ 24
#define __FLOAT_WORD_ORDER__ __ORDER_LITTLE_ENDIAN__
#define __STDC_IEC_559_COMPLEX__ 1
#define __FLT128_HAS_DENORM__ 1
#define __FLT128_DIG__ 33
#define __SCHAR_WIDTH__ 8
#define __INT32_C(c) c
#define __DEC64_EPSILON__ 1E-15DD
#define __ORDER_PDP_ENDIAN__ 3412
#define __DEC128_MIN_EXP__ (-6142)
#define __FLT32_MAX_10_EXP__ 38
#define __INT_FAST32_TYPE__ long int
#define __UINT_LEAST16_TYPE__ short unsigned int
#define __FLT64X_HAS_INFINITY__ 1
#define unix 1
#define __INT16_MAX__ 0x7fff
#define __SIZE_TYPE__ long unsigned int
#define __UINT64_MAX__ 0xffffffffffffffffUL
#define __FLT64X_DIG__ 18
#define __INT8_TYPE__ signed char
#define __ELF__ 1
#define __GCC_ASM_FLAG_OUTPUTS__ 1
#define __FLT_RADIX__ 2
#define __INT_LEAST16_TYPE__ short int
#define __LDBL_EPSILON__ 1.08420217248550443400745280086994171e-19L
#define __UINTMAX_C(c) c ## UL
#define __SSE_MATH__ 1
#define __k8 1
#define __SIG_ATOMIC_MAX__ 0x7fffffff
#define __GCC_ATOMIC_WCHAR_T_LOCK_FREE 2
#define __SIZEOF_PTRDIFF_T__ 8
#define __FLT32X_MANT_DIG__ 53
#define __x86_64__ 1
#define __FLT32X_MIN_EXP__ (-1021)
#define __DEC32_SUBNORMAL_MIN__ 0.000001E-95DF
#define __INT_FAST16_MAX__ 0x7fffffffffffffffL
#define __FLT64_DIG__ 15
#define __UINT_FAST32_MAX__ 0xffffffffffffffffUL
#define __UINT_LEAST64_TYPE__ long unsigned int
#define __FLT_HAS_QUIET_NAN__ 1
#define __FLT_MAX_10_EXP__ 38
#define __LONG_MAX__ 0x7fffffffffffffffL
#define __FLT64X_HAS_DENORM__ 1
#define __DEC128_SUBNORMAL_MIN__ 0.000000000000000000000000000000001E-6143DL
#define __FLT_HAS_INFINITY__ 1
#define __UINT_FAST16_TYPE__ long unsigned int
#define __DEC64_MAX__ 9.999999999999999E384DD
#define __INT_FAST32_WIDTH__ 64
#define __CHAR16_TYPE__ short unsigned int
#define __PRAGMA_REDEFINE_EXTNAME 1
#define __SIZE_WIDTH__ 64
#define __SEG_FS 1
#define __INT_LEAST16_MAX__ 0x7fff
#define __DEC64_MANT_DIG__ 16
#define __INT64_MAX__ 0x7fffffffffffffffL
#define __UINT_LEAST32_MAX__ 0xffffffffU
#define __SEG_GS 1
#define __FLT32_DENORM_MIN__ 1.40129846432481707092372958328991613e-45F32
#define __GCC_ATOMIC_LONG_LOCK_FREE 2
#define __SIG_ATOMIC_WIDTH__ 32
#define __INT_LEAST64_TYPE__ long int
#define __INT16_TYPE__ short int
#define __INT_LEAST8_TYPE__ signed char
#define __STDC_VERSION__ 201112L
#define __DEC32_MAX_EXP__ 97
#define __INT_FAST8_MAX__ 0x7f
#define __FLT128_MAX__ 1.18973149535723176508575932662800702e+4932F128
#define __INTPTR_MAX__ 0x7fffffffffffffffL
#define linux 1
#define __FLT64_HAS_QUIET_NAN__ 1
#define __FLT32_MIN_10_EXP__ (-37)
#define __SSE2__ 1
#define __FLT32X_DIG__ 15
#define __LDBL_MANT_DIG__ 64
#define __DBL_HAS_QUIET_NAN__ 1
#define __FLT64_HAS_INFINITY__ 1
#define __FLT64X_MAX__ 1.18973149535723176502126385303097021e+4932F64x
#define __SIG_ATOMIC_MIN__ (-__SIG_ATOMIC_MAX__ - 1)
#define __code_model_small__ 1
#define __k8__ 1
#define __INTPTR_TYPE__ long int
#define __UINT16_TYPE__ short unsigned int
#define __WCHAR_TYPE__ int
#define __SIZEOF_FLOAT__ 4
#define __UINTPTR_MAX__ 0xffffffffffffffffUL
#define __INT_FAST64_WIDTH__ 64
#define __DEC64_MIN_EXP__ (-382)
#define __FLT32_DECIMAL_DIG__ 9
#define __INT_FAST64_MAX__ 0x7fffffffffffffffL
#define __GCC_ATOMIC_TEST_AND_SET_TRUEVAL 1
#define __FLT_DIG__ 6
#define __FLT32_HAS_INFINITY__ 1
#define __FLT64X_MAX_EXP__ 16384
#define __UINT_FAST64_TYPE__ long unsigned int
#define __INT_MAX__ 0x7fffffff
#define __amd64__ 1
#define __INT64_TYPE__ long int
#define __FLT_MAX_EXP__ 128
#define __ORDER_BIG_ENDIAN__ 4321
#define __DBL_MANT_DIG__ 53
#define __SIZEOF_FLOAT128__ 16
#define __INT_LEAST64_MAX__ 0x7fffffffffffffffL
#define __GCC_ATOMIC_CHAR16_T_LOCK_FREE 2
#define __DEC64_MIN__ 1E-383DD
#define __WINT_TYPE__ unsigned int
#define __UINT_LEAST32_TYPE__ unsigned int
#define __SIZEOF_SHORT__ 2
#define __SSE__ 1
#define __LDBL_MIN_EXP__ (-16381)
#define __FLT64_MAX__ 1.79769313486231570814527423731704357e+308F64
#define __WINT_WIDTH__ 32
#define __INT_LEAST8_MAX__ 0x7f
#define __FLT32X_MAX_10_EXP__ 308
#define __SIZEOF_INT128__ 16
#define __LDBL_MAX_10_EXP__ 4932
#define __ATOMIC_RELAXED 0
#define __DBL_EPSILON__ ((double)2.22044604925031308084726333618164062e-16L)
#define __FLT128_MIN__ 3.36210314311209350626267781732175260e-4932F128
#define _LP64 1
#define __UINT8_C(c) c
#define __FLT64_MAX_EXP__ 1024
#define __INT_LEAST32_TYPE__ int
#define __SIZEOF_WCHAR_T__ 4
#define __UINT64_TYPE__ long unsigned int
#define __FLT128_HAS_QUIET_NAN__ 1
#define __INT_FAST8_TYPE__ signed char
#define __FLT64X_MIN__ 3.36210314311209350626267781732175260e-4932F64x
#define __GNUC_STDC_INLINE__ 1
#define __FLT64_HAS_DENORM__ 1
#define __FLT32_EPSILON__ 1.19209289550781250000000000000000000e-7F32
#define __DBL_DECIMAL_DIG__ 17
#define __STDC_UTF_32__ 1
#define __INT_FAST8_WIDTH__ 8
#define __FXSR__ 1
#define __DEC_EVAL_METHOD__ 2
#define __FLT32X_MAX__ 1.79769313486231570814527423731704357e+308F32x
#define __UINT32_C(c) c ## U
#define __INTMAX_MAX__ 0x7fffffffffffffffL
#define __BYTE_ORDER__ __ORDER_LITTLE_ENDIAN__
#define __FLT_DENORM_MIN__ 1.40129846432481707092372958328991613e-45F
#define __INT8_MAX__ 0x7f
#define __LONG_WIDTH__ 64
#define __UINT_FAST32_TYPE__ long unsigned int
#define __CHAR32_TYPE__ unsigned int
#define __FLT_MAX__ 3.40282346638528859811704183484516925e+38F
#define __INT32_TYPE__ int
#define __SIZEOF_DOUBLE__ 8
#define __FLT_MIN_10_EXP__ (-37)
#define __FLT64_MIN__ 2.22507385850720138309023271733240406e-308F64
#define __INT_LEAST32_WIDTH__ 32
#define __INTMAX_TYPE__ long int
#define __DEC128_MAX_EXP__ 6145
#define __FLT32X_HAS_QUIET_NAN__ 1
#define __ATOMIC_CONSUME 1
#define __GNUC_MINOR__ 3
#define __INT_FAST16_WIDTH__ 64
#define __UINTMAX_MAX__ 0xffffffffffffffffUL
#define __DEC32_MANT_DIG__ 7
#define __FLT32X_DENORM_MIN__ 4.94065645841246544176568792868221372e-324F32x
#define __DBL_MAX_10_EXP__ 308
#define __LDBL_DENORM_MIN__ 3.64519953188247460252840593361941982e-4951L
#define __INT16_C(c) c
#define __STDC__ 1
#define __PTRDIFF_TYPE__ long int
#define __ATOMIC_SEQ_CST 5
#define __UINT32_TYPE__ unsigned int
#define __FLT32X_MIN_10_EXP__ (-307)
#define __UINTPTR_TYPE__ long unsigned int
#define __DEC64_SUBNORMAL_MIN__ 0.000000000000001E-383DD
#define __DEC128_MANT_DIG__ 34
#define __LDBL_MIN_10_EXP__ (-4931)
#define __FLT128_EPSILON__ 1.92592994438723585305597794258492732e-34F128
#define __SIZEOF_LONG_LONG__ 8
#define __FLT128_DECIMAL_DIG__ 36
#define __GCC_ATOMIC_LLONG_LOCK_FREE 2
#define __FLT32X_MIN__ 2.22507385850720138309023271733240406e-308F32x
#define __LDBL_DIG__ 18
#define __FLT_DECIMAL_DIG__ 9
#define __UINT_FAST16_MAX__ 0xffffffffffffffffUL
#define __GCC_ATOMIC_SHORT_LOCK_FREE 2
#define __INT_LEAST64_WIDTH__ 64
#define __UINT_FAST8_TYPE__ unsigned char
#define __ATOMIC_ACQ_REL 4
#define __ATOMIC_RELEASE 3

(tool ar is already loaded, skipping)
/misc/opt/gcc/7.3.0/bin/g++
---------------------------------------------------
Checking for compilation flag -march=native support
==>
int main() { return 0; }
<==
[1/1] Compiling [32mbuild/.conf_check_401882808678e7438c8bd69dc7371a26/test.cpp[0m

['/misc/opt/gcc/7.3.0/bin/g++', '-Wall', '-march=native', '-DNS3_BUILD_PROFILE_OPTIMIZED', '../test.cpp', '-c', '-o', '/home/mdiarra/RAPID/rapid/build/.conf_check_401882808678e7438c8bd69dc7371a26/testbuild/test.cpp.1.o']
ok
------------------------------------------------------
Checking for compilation flag -Wl,--soname=foo support
==>
int main() { return 0; }
<==
[1/1] Compiling [32mbuild/.conf_check_401882808678e7438c8bd69dc7371a26/test.cpp[0m

['/misc/opt/gcc/7.3.0/bin/g++', '-Wall', '-march=native', '-fstrict-overflow', '-Wstrict-overflow=2', '-Wl,--soname=foo', '-DNS3_BUILD_PROFILE_OPTIMIZED', '../test.cpp', '-c', '-o', '/home/mdiarra/RAPID/rapid/build/.conf_check_401882808678e7438c8bd69dc7371a26/testbuild/test.cpp.1.o']
ok
------------------------------------------------------
Checking for program 'python'
/usr/bin/python
find program=['python'] paths=['/misc/opt/gcc/7.3.0/bin', '/misc/opt/gcc/7.3.0/include', '/usr/lib64/qt-3.3/bin', '/usr/local/bin', '/usr/bin', '/usr/local/sbin', '/usr/sbin', '/home/mdiarra/bin'] var='PYTHON' -> ['/usr/bin/python']
['/usr/bin/python', '-c', 'import imp;print(imp.get_tag())']
err: Traceback (most recent call last):
  File "<string>", line 1, in <module>
AttributeError: 'module' object has no attribute 'get_tag'

['/usr/bin/python', '-c', 'import sys\nfor x in sys.version_info: print(str(x))']
out: 2
7
5
final
0

['/usr/bin/python', '-c', "from distutils.sysconfig import get_config_var, get_python_lib\n\nprint(repr(get_python_lib(standard_lib=0, prefix='/usr/local') or ''))"]
out: '/usr/local/lib/python2.7/site-packages'

'/usr/local/lib/python2.7/site-packages'

['/usr/bin/python', '-c', "from distutils.sysconfig import get_config_var, get_python_lib\n\nprint(repr(get_python_lib(plat_specific=1, standard_lib=0, prefix='/usr/local') or ''))"]
out: '/usr/local/lib64/python2.7/site-packages'

'/usr/local/lib64/python2.7/site-packages'

------------------------------------------------------
Checking for python version
(2, 7, 5, 'final', 0)
['/usr/bin/python', '-c', "from distutils.sysconfig import get_config_var, get_python_lib\n\nprint(repr(get_config_var('prefix') or ''))\nprint(repr(get_config_var('SO') or ''))\nprint(repr(get_config_var('LDFLAGS') or ''))\nprint(repr(get_config_var('LIBDIR') or ''))\nprint(repr(get_config_var('LIBPL') or ''))\nprint(repr(get_config_var('INCLUDEPY') or ''))\nprint(repr(get_config_var('Py_ENABLE_SHARED') or ''))\nprint(repr(get_config_var('MACOSX_DEPLOYMENT_TARGET') or ''))\nprint(repr(get_config_var('LDSHARED') or ''))\nprint(repr(get_config_var('CFLAGS') or ''))\nprint(repr(get_config_var('LDVERSION') or ''))"]
out: '/usr'
'.so'
'-Wl,-z,relro'
'/usr/lib64'
'/usr/lib64/python2.7/config'
'/usr/include/python2.7'
1
''
'gcc -pthread -shared -Wl,-z,relro'
'-fno-strict-aliasing -O2 -g -pipe -Wall -Wp,-D_FORTIFY_SOURCE=2 -fexceptions -fstack-protector-strong --param=ssp-buffer-size=4 -grecord-gcc-switches   -m64 -mtune=generic -D_GNU_SOURCE -fPIC -fwrapv   -DNDEBUG -O2 -g -pipe -Wall -Wp,-D_FORTIFY_SOURCE=2 -fexceptions -fstack-protector-strong --param=ssp-buffer-size=4 -grecord-gcc-switches   -m64 -mtune=generic -D_GNU_SOURCE -fPIC -fwrapv'
''

'/usr'
'.so'
'-Wl,-z,relro'
'/usr/lib64'
'/usr/lib64/python2.7/config'
'/usr/include/python2.7'
1
''
'gcc -pthread -shared -Wl,-z,relro'
'-fno-strict-aliasing -O2 -g -pipe -Wall -Wp,-D_FORTIFY_SOURCE=2 -fexceptions -fstack-protector-strong --param=ssp-buffer-size=4 -grecord-gcc-switches   -m64 -mtune=generic -D_GNU_SOURCE -fPIC -fwrapv   -DNDEBUG -O2 -g -pipe -Wall -Wp,-D_FORTIFY_SOURCE=2 -fexceptions -fstack-protector-strong --param=ssp-buffer-size=4 -grecord-gcc-switches   -m64 -mtune=generic -D_GNU_SOURCE -fPIC -fwrapv'
''

Configuration returned from ['/usr/bin/python']:
prefix = '/usr'
SO = '.so'
LDFLAGS = '-Wl,-z,relro'
LIBDIR = '/usr/lib64'
LIBPL = '/usr/lib64/python2.7/config'
INCLUDEPY = '/usr/include/python2.7'
Py_ENABLE_SHARED = 1
MACOSX_DEPLOYMENT_TARGET = ''
LDSHARED = 'gcc -pthread -shared -Wl,-z,relro'
CFLAGS = '-fno-strict-aliasing -O2 -g -pipe -Wall -Wp,-D_FORTIFY_SOURCE=2 -fexceptions -fstack-protector-strong --param=ssp-buffer-size=4 -grecord-gcc-switches   -m64 -mtune=generic -D_GNU_SOURCE -fPIC -fwrapv   -DNDEBUG -O2 -g -pipe -Wall -Wp,-D_FORTIFY_SOURCE=2 -fexceptions -fstack-protector-strong --param=ssp-buffer-size=4 -grecord-gcc-switches   -m64 -mtune=generic -D_GNU_SOURCE -fPIC -fwrapv'
LDVERSION = ''

------------------------------------------------------
python-config
/usr/bin/python-config
find program=['/usr/bin/python-config', 'python2.7-config', 'python-config-2.7', 'python2.7m-config'] paths=['/misc/opt/gcc/7.3.0/bin', '/misc/opt/gcc/7.3.0/include', '/usr/lib64/qt-3.3/bin', '/usr/local/bin', '/usr/bin', '/usr/local/sbin', '/usr/sbin', '/home/mdiarra/bin'] var='PYTHON_CONFIG' -> ['/usr/bin/python-config']
------------------------------------------------------------------
Asking python-config for pyembed '--cflags --libs --ldflags' flags
['/usr/bin/python-config', '--cflags', '--libs', '--ldflags']
out: -I/usr/include/python2.7 -I/usr/include/python2.7 -fno-strict-aliasing -O2 -g -pipe -Wall -Wp,-D_FORTIFY_SOURCE=2 -fexceptions -fstack-protector-strong --param=ssp-buffer-size=4 -grecord-gcc-switches -m64 -mtune=generic -D_GNU_SOURCE -fPIC -fwrapv -DNDEBUG -O2 -g -pipe -Wall -Wp,-D_FORTIFY_SOURCE=2 -fexceptions -fstack-protector-strong --param=ssp-buffer-size=4 -grecord-gcc-switches -m64 -mtune=generic -D_GNU_SOURCE -fPIC -fwrapv
-lpthread -ldl -lutil -lm -lpython2.7
-lpthread -ldl -lutil -lm -lpython2.7 -Xlinker -export-dynamic

yes
------------------------------------------------------------------
Testing pyembed configuration
==>

#include <Python.h>
#ifdef __cplusplus
extern "C" {
#endif
	void Py_Initialize(void);
	void Py_Finalize(void);
#ifdef __cplusplus
}
#endif
int main(int argc, char **argv)
{
   (void)argc; (void)argv;
   Py_Initialize();
   Py_Finalize();
   return 0;
}

<==
[1/2] Compiling [32mbuild/.conf_check_8099252c77202afa1102e0711721c392/test.cpp[0m

['/misc/opt/gcc/7.3.0/bin/g++', '-Wall', '-march=native', '-fstrict-overflow', '-Wstrict-overflow=2', '-std=c++11', '-fno-strict-aliasing', '-fexceptions', '-fstack-protector-strong', '-m64', '-mtune=generic', '-fPIC', '-fwrapv', '-fexceptions', '-fstack-protector-strong', '-m64', '-mtune=generic', '-fPIC', '-fwrapv', '-I/usr/include/python2.7', '-DNS3_BUILD_PROFILE_OPTIMIZED', '-DPYTHONDIR="/usr/local/lib/python2.7/site-packages"', '-DPYTHONARCHDIR="/usr/local/lib64/python2.7/site-packages"', '-DHAVE_PYEMBED=1', '-D_GNU_SOURCE', '-DNDEBUG', '-D_GNU_SOURCE', '../test.cpp', '-c', '-o', '/home/mdiarra/RAPID/rapid/build/.conf_check_8099252c77202afa1102e0711721c392/testbuild/test.cpp.1.o']
[2/2] Linking [33mbuild/.conf_check_8099252c77202afa1102e0711721c392/testbuild/testprog[0m

['/misc/opt/gcc/7.3.0/bin/g++', '-Xlinker', '-export-dynamic', 'test.cpp.1.o', '-o', '/home/mdiarra/RAPID/rapid/build/.conf_check_8099252c77202afa1102e0711721c392/testbuild/testprog', '-Wl,-Bstatic', '-Wl,-Bdynamic', '-lpthread', '-ldl', '-lutil', '-lm', '-lpython2.7']
yes
------------------------------------------------------------------
Asking python-config for pyext '--cflags --libs --ldflags' flags
['/usr/bin/python-config', '--cflags', '--libs', '--ldflags']
out: -I/usr/include/python2.7 -I/usr/include/python2.7 -fno-strict-aliasing -O2 -g -pipe -Wall -Wp,-D_FORTIFY_SOURCE=2 -fexceptions -fstack-protector-strong --param=ssp-buffer-size=4 -grecord-gcc-switches -m64 -mtune=generic -D_GNU_SOURCE -fPIC -fwrapv -DNDEBUG -O2 -g -pipe -Wall -Wp,-D_FORTIFY_SOURCE=2 -fexceptions -fstack-protector-strong --param=ssp-buffer-size=4 -grecord-gcc-switches -m64 -mtune=generic -D_GNU_SOURCE -fPIC -fwrapv
-lpthread -ldl -lutil -lm -lpython2.7
-lpthread -ldl -lutil -lm -lpython2.7 -Xlinker -export-dynamic

yes
------------------------------------------------------------------
Testing pyext configuration
==>

#include <Python.h>
#ifdef __cplusplus
extern "C" {
#endif
	void Py_Initialize(void);
	void Py_Finalize(void);
#ifdef __cplusplus
}
#endif
int main(int argc, char **argv)
{
   (void)argc; (void)argv;
   Py_Initialize();
   Py_Finalize();
   return 0;
}

<==
[1/2] Compiling [32mbuild/.conf_check_f1ad50b8a00b09a85e9799f02e547c8c/test.cpp[0m

['/misc/opt/gcc/7.3.0/bin/g++', '-Wall', '-march=native', '-fstrict-overflow', '-Wstrict-overflow=2', '-std=c++11', '-fPIC', '-fno-strict-aliasing', '-fexceptions', '-fstack-protector-strong', '-m64', '-mtune=generic', '-fPIC', '-fwrapv', '-fexceptions', '-fstack-protector-strong', '-m64', '-mtune=generic', '-fPIC', '-fwrapv', '-I/usr/include/python2.7', '-DNS3_BUILD_PROFILE_OPTIMIZED', '-DPYTHONDIR="/usr/local/lib/python2.7/site-packages"', '-DPYTHONARCHDIR="/usr/local/lib64/python2.7/site-packages"', '-DHAVE_PYEMBED=1', '-DHAVE_PYEXT=1', '-D_GNU_SOURCE', '-DNDEBUG', '-D_GNU_SOURCE', '../test.cpp', '-c', '-o', '/home/mdiarra/RAPID/rapid/build/.conf_check_f1ad50b8a00b09a85e9799f02e547c8c/testbuild/test.cpp.1.o']
[2/2] Linking [33mbuild/.conf_check_f1ad50b8a00b09a85e9799f02e547c8c/testbuild/testprog.so[0m

['/misc/opt/gcc/7.3.0/bin/g++', '-shared', '-Xlinker', '-export-dynamic', 'test.cpp.1.o', '-o', '/home/mdiarra/RAPID/rapid/build/.conf_check_f1ad50b8a00b09a85e9799f02e547c8c/testbuild/testprog.so', '-Wl,-Bstatic', '-Wl,-Bdynamic', '-lpthread', '-ldl', '-lutil', '-lm', '-lpython2.7']
yes
------------------------------------------------------------------
Checking for compilation flag -fvisibility=hidden support
==>
int main() { return 0; }
<==
[1/1] Compiling [32mbuild/.conf_check_401882808678e7438c8bd69dc7371a26/test.cpp[0m

['/misc/opt/gcc/7.3.0/bin/g++', '-Wall', '-march=native', '-fstrict-overflow', '-Wstrict-overflow=2', '-std=c++11', '-fvisibility=hidden', '-DNS3_BUILD_PROFILE_OPTIMIZED', '-DPYTHONDIR="/usr/local/lib/python2.7/site-packages"', '-DPYTHONARCHDIR="/usr/local/lib64/python2.7/site-packages"', '-DHAVE_PYEMBED=1', '-DHAVE_PYEXT=1', '-DHAVE_PYTHON_H=1', '../test.cpp', '-c', '-o', '/home/mdiarra/RAPID/rapid/build/.conf_check_401882808678e7438c8bd69dc7371a26/testbuild/test.cpp.1.o']
ok
------------------------------------------------------------------
Checking for compilation flag -Wno-array-bounds support
==>
int main() { return 0; }
<==
[1/1] Compiling [32mbuild/.conf_check_401882808678e7438c8bd69dc7371a26/test.cpp[0m

['/misc/opt/gcc/7.3.0/bin/g++', '-Wall', '-march=native', '-fstrict-overflow', '-Wstrict-overflow=2', '-std=c++11', '-Wno-array-bounds', '-DNS3_BUILD_PROFILE_OPTIMIZED', '-DPYTHONDIR="/usr/local/lib/python2.7/site-packages"', '-DPYTHONARCHDIR="/usr/local/lib64/python2.7/site-packages"', '-DHAVE_PYEMBED=1', '-DHAVE_PYEXT=1', '-DHAVE_PYTHON_H=1', '../test.cpp', '-c', '-o', '/home/mdiarra/RAPID/rapid/build/.conf_check_401882808678e7438c8bd69dc7371a26/testbuild/test.cpp.1.o']
ok
------------------------------------------------------------------
Checking for pybindgen location
not found
------------------------------------------------------------------
Checking for python module 'pybindgen'
['/usr/bin/python', '-c', "\nimport pybindgen as current_module\nversion = getattr(current_module, '__version__', None)\nif version is not None:\n\tprint(str(version))\nelse:\n\tprint('unknown version')\n"]
err: Traceback (most recent call last):
  File "<string>", line 2, in <module>
ImportError: No module named pybindgen

not found
from /home/mdiarra/RAPID/rapid/bindings/python: Could not find the python module 'pybindgen'
------------------------------------------------------------------
Checking boost includes
1_53
------------------------------------------------------------------
Checking boost libs
Found the boost path in /usr/lib64 with the libraries:
    /usr/lib64/libboost_atomic-mt.a
    /usr/lib64/libboost_atomic-mt.so
    /usr/lib64/libboost_atomic-mt.so.1.53.0
    /usr/lib64/libboost_atomic.so
    /usr/lib64/libboost_atomic.so.1.69.0
    /usr/lib64/libboost_chrono-mt.a
    /usr/lib64/libboost_chrono-mt.so
    /usr/lib64/libboost_chrono-mt.so.1.53.0
    /usr/lib64/libboost_chrono.a
    /usr/lib64/libboost_chrono.so
    /usr/lib64/libboost_chrono.so.1.53.0
    /usr/lib64/libboost_chrono.so.1.69.0
    /usr/lib64/libboost_container.so.1.69.0
    /usr/lib64/libboost_context-mt.a
    /usr/lib64/libboost_context-mt.so
    /usr/lib64/libboost_context-mt.so.1.53.0
    /usr/lib64/libboost_context.a
    /usr/lib64/libboost_context.so
    /usr/lib64/libboost_context.so.1.53.0
    /usr/lib64/libboost_context.so.1.69.0
    /usr/lib64/libboost_contract.so.1.69.0
    /usr/lib64/libboost_coroutine.so.1.69.0
    /usr/lib64/libboost_date_time-mt.a
    /usr/lib64/libboost_date_time-mt.so
    /usr/lib64/libboost_date_time-mt.so.1.53.0
    /usr/lib64/libboost_date_time.a
    /usr/lib64/libboost_date_time.so
    /usr/lib64/libboost_date_time.so.1.53.0
    /usr/lib64/libboost_date_time.so.1.69.0
    /usr/lib64/libboost_exception-mt.a
    /usr/lib64/libboost_exception.a
    /usr/lib64/libboost_filesystem-mt.a
    /usr/lib64/libboost_filesystem-mt.so
    /usr/lib64/libboost_filesystem-mt.so.1.53.0
    /usr/lib64/libboost_filesystem.a
    /usr/lib64/libboost_filesystem.so
    /usr/lib64/libboost_filesystem.so.1.53.0
    /usr/lib64/libboost_filesystem.so.1.69.0
    /usr/lib64/libboost_graph-mt.a
    /usr/lib64/libboost_graph-mt.so
    /usr/lib64/libboost_graph-mt.so.1.53.0
    /usr/lib64/libboost_graph.a
    /usr/lib64/libboost_graph.so
    /usr/lib64/libboost_graph.so.1.53.0
    /usr/lib64/libboost_graph.so.1.69.0
    /usr/lib64/libboost_iostreams-mt.a
    /usr/lib64/libboost_iostreams-mt.so
    /usr/lib64/libboost_iostreams-mt.so.1.53.0
    /usr/lib64/libboost_iostreams.a
    /usr/lib64/libboost_iostreams.so
    /usr/lib64/libboost_iostreams.so.1.53.0
    /usr/lib64/libboost_iostreams.so.1.69.0
    /usr/lib64/libboost_locale-mt.a
    /usr/lib64/libboost_locale-mt.so
    /usr/lib64/libboost_locale-mt.so.1.53.0
    /usr/lib64/libboost_locale.so
    /usr/lib64/libboost_locale.so.1.69.0
    /usr/lib64/libboost_log.so.1.69.0
    /usr/lib64/libboost_log_setup.so.1.69.0
    /usr/lib64/libboost_math_c99-mt.a
    /usr/lib64/libboost_math_c99-mt.so
    /usr/lib64/libboost_math_c99-mt.so.1.53.0
    /usr/lib64/libboost_math_c99.a
    /usr/lib64/libboost_math_c99.so
    /usr/lib64/libboost_math_c99.so.1.53.0
    /usr/lib64/libboost_math_c99.so.1.69.0
    /usr/lib64/libboost_math_c99f-mt.a
    /usr/lib64/libboost_math_c99f-mt.so
    /usr/lib64/libboost_math_c99f-mt.so.1.53.0
    /usr/lib64/libboost_math_c99f.a
    /usr/lib64/libboost_math_c99f.so
    /usr/lib64/libboost_math_c99f.so.1.53.0
    /usr/lib64/libboost_math_c99f.so.1.69.0
    /usr/lib64/libboost_math_c99l-mt.a
    /usr/lib64/libboost_math_c99l-mt.so
    /usr/lib64/libboost_math_c99l-mt.so.1.53.0
    /usr/lib64/libboost_math_c99l.a
    /usr/lib64/libboost_math_c99l.so
    /usr/lib64/libboost_math_c99l.so.1.53.0
    /usr/lib64/libboost_math_c99l.so.1.69.0
    /usr/lib64/libboost_math_tr1-mt.a
    /usr/lib64/libboost_math_tr1-mt.so
    /usr/lib64/libboost_math_tr1-mt.so.1.53.0
    /usr/lib64/libboost_math_tr1.a
    /usr/lib64/libboost_math_tr1.so
    /usr/lib64/libboost_math_tr1.so.1.53.0
    /usr/lib64/libboost_math_tr1.so.1.69.0
    /usr/lib64/libboost_math_tr1f-mt.a
    /usr/lib64/libboost_math_tr1f-mt.so
    /usr/lib64/libboost_math_tr1f-mt.so.1.53.0
    /usr/lib64/libboost_math_tr1f.a
    /usr/lib64/libboost_math_tr1f.so
    /usr/lib64/libboost_math_tr1f.so.1.53.0
    /usr/lib64/libboost_math_tr1f.so.1.69.0
    /usr/lib64/libboost_math_tr1l-mt.a
    /usr/lib64/libboost_math_tr1l-mt.so
    /usr/lib64/libboost_math_tr1l-mt.so.1.53.0
    /usr/lib64/libboost_math_tr1l.a
    /usr/lib64/libboost_math_tr1l.so
    /usr/lib64/libboost_math_tr1l.so.1.53.0
    /usr/lib64/libboost_math_tr1l.so.1.69.0
    /usr/lib64/libboost_prg_exec_monitor-mt.a
    /usr/lib64/libboost_prg_exec_monitor-mt.so
    /usr/lib64/libboost_prg_exec_monitor-mt.so.1.53.0
    /usr/lib64/libboost_prg_exec_monitor.a
    /usr/lib64/libboost_prg_exec_monitor.so
    /usr/lib64/libboost_prg_exec_monitor.so.1.53.0
    /usr/lib64/libboost_prg_exec_monitor.so.1.69.0
    /usr/lib64/libboost_program_options-mt.a
    /usr/lib64/libboost_program_options-mt.so
    /usr/lib64/libboost_program_options-mt.so.1.53.0
    /usr/lib64/libboost_program_options.a
    /usr/lib64/libboost_program_options.so
    /usr/lib64/libboost_program_options.so.1.53.0
    /usr/lib64/libboost_program_options.so.1.69.0
    /usr/lib64/libboost_python-mt.a
    /usr/lib64/libboost_python-mt.so
    /usr/lib64/libboost_python-mt.so.1.53.0
    /usr/lib64/libboost_python.a
    /usr/lib64/libboost_python.so
    /usr/lib64/libboost_python.so.1.53.0
    /usr/lib64/libboost_random-mt.a
    /usr/lib64/libboost_random-mt.so
    /usr/lib64/libboost_random-mt.so.1.53.0
    /usr/lib64/libboost_random.a
    /usr/lib64/libboost_random.so
    /usr/lib64/libboost_random.so.1.53.0
    /usr/lib64/libboost_random.so.1.69.0
    /usr/lib64/libboost_regex-mt.a
    /usr/lib64/libboost_regex-mt.so
    /usr/lib64/libboost_regex-mt.so.1.53.0
    /usr/lib64/libboost_regex.a
    /usr/lib64/libboost_regex.so
    /usr/lib64/libboost_regex.so.1.53.0
    /usr/lib64/libboost_regex.so.1.69.0
    /usr/lib64/libboost_serialization-mt.a
    /usr/lib64/libboost_serialization-mt.so
    /usr/lib64/libboost_serialization-mt.so.1.53.0
    /usr/lib64/libboost_serialization.a
    /usr/lib64/libboost_serialization.so
    /usr/lib64/libboost_serialization.so.1.53.0
    /usr/lib64/libboost_serialization.so.1.69.0
    /usr/lib64/libboost_signals-mt.a
    /usr/lib64/libboost_signals-mt.so
    /usr/lib64/libboost_signals-mt.so.1.53.0
    /usr/lib64/libboost_signals.a
    /usr/lib64/libboost_signals.so
    /usr/lib64/libboost_signals.so.1.53.0
    /usr/lib64/libboost_stacktrace_addr2line.so.1.69.0
    /usr/lib64/libboost_stacktrace_basic.so.1.69.0
    /usr/lib64/libboost_stacktrace_noop.so.1.69.0
    /usr/lib64/libboost_system-mt.a
    /usr/lib64/libboost_system-mt.so
    /usr/lib64/libboost_system-mt.so.1.53.0
    /usr/lib64/libboost_system.a
    /usr/lib64/libboost_system.so
    /usr/lib64/libboost_system.so.1.53.0
    /usr/lib64/libboost_system.so.1.69.0
    /usr/lib64/libboost_test_exec_monitor-mt.a
    /usr/lib64/libboost_test_exec_monitor.a
    /usr/lib64/libboost_thread-mt.a
    /usr/lib64/libboost_thread-mt.so
    /usr/lib64/libboost_thread-mt.so.1.53.0
    /usr/lib64/libboost_thread.so
    /usr/lib64/libboost_thread.so.1.69.0
    /usr/lib64/libboost_timer-mt.a
    /usr/lib64/libboost_timer-mt.so
    /usr/lib64/libboost_timer-mt.so.1.53.0
    /usr/lib64/libboost_timer.a
    /usr/lib64/libboost_timer.so
    /usr/lib64/libboost_timer.so.1.53.0
    /usr/lib64/libboost_timer.so.1.69.0
    /usr/lib64/libboost_type_erasure.so.1.69.0
    /usr/lib64/libboost_unit_test_framework-mt.a
    /usr/lib64/libboost_unit_test_framework-mt.so
    /usr/lib64/libboost_unit_test_framework-mt.so.1.53.0
    /usr/lib64/libboost_unit_test_framework.a
    /usr/lib64/libboost_unit_test_framework.so
    /usr/lib64/libboost_unit_test_framework.so.1.53.0
    /usr/lib64/libboost_unit_test_framework.so.1.69.0
    /usr/lib64/libboost_wave-mt.a
    /usr/lib64/libboost_wave-mt.so
    /usr/lib64/libboost_wave-mt.so.1.53.0
    /usr/lib64/libboost_wave.a
    /usr/lib64/libboost_wave.so
    /usr/lib64/libboost_wave.so.1.53.0
    /usr/lib64/libboost_wave.so.1.69.0
    /usr/lib64/libboost_wserialization-mt.a
    /usr/lib64/libboost_wserialization-mt.so
    /usr/lib64/libboost_wserialization-mt.so.1.53.0
    /usr/lib64/libboost_wserialization.a
    /usr/lib64/libboost_wserialization.so
    /usr/lib64/libboost_wserialization.so.1.53.0
    /usr/lib64/libboost_wserialization.so.1.69.0
Trying pattern boost_system(-gcc[0-9]{0,3})-1_53.so$
Trying pattern boost_system-1_53.so$
Trying pattern boost_system(-gcc[0-9]{0,3}).so$
Trying pattern boost_system.so$
Found boost lib libboost_system.so
Trying pattern boost_signals(-gcc[0-9]{0,3})-1_53.so$
Trying pattern boost_signals-1_53.so$
Trying pattern boost_signals(-gcc[0-9]{0,3}).so$
Trying pattern boost_signals.so$
Found boost lib libboost_signals.so
Trying pattern boost_filesystem(-gcc[0-9]{0,3})-1_53.so$
Trying pattern boost_filesystem-1_53.so$
Trying pattern boost_filesystem(-gcc[0-9]{0,3}).so$
Trying pattern boost_filesystem.so$
Found boost lib libboost_filesystem.so
ok
------------------------------------------------------------------
Checking for boost linkage
==>

#include <boost/system/error_code.hpp>
int main() { boost::system::error_code c; }

<==
[1/2] Compiling [32mbuild/.conf_check_22baa8153e285abd3fbf575153a29311/test.cpp[0m

['/misc/opt/gcc/7.3.0/bin/g++', '-Wall', '-march=native', '-fstrict-overflow', '-Wstrict-overflow=2', '-std=c++11', '-I/usr/include', '-DNS3_BUILD_PROFILE_OPTIMIZED', '-DPYTHONDIR="/usr/local/lib/python2.7/site-packages"', '-DPYTHONARCHDIR="/usr/local/lib64/python2.7/site-packages"', '-DHAVE_PYEMBED=1', '-DHAVE_PYEXT=1', '-DHAVE_PYTHON_H=1', '../test.cpp', '-c', '-o', '/home/mdiarra/RAPID/rapid/build/.conf_check_22baa8153e285abd3fbf575153a29311/testbuild/test.cpp.1.o']
[2/2] Linking [33mbuild/.conf_check_22baa8153e285abd3fbf575153a29311/testbuild/testprog[0m

['/misc/opt/gcc/7.3.0/bin/g++', 'test.cpp.1.o', '-o', '/home/mdiarra/RAPID/rapid/build/.conf_check_22baa8153e285abd3fbf575153a29311/testbuild/testprog', '-Wl,-Bstatic', '-L/usr/lib64', '-Wl,-Bdynamic', '-L/usr/lib64', '-lboost_system', '-lboost_signals', '-lboost_filesystem']
ok
------------------------------------------------------------------
Checking for click location
not found
------------------------------------------------------------------
Checking for program 'pkg-config'
/usr/bin/pkg-config
find program=['pkg-config'] paths=['/misc/opt/gcc/7.3.0/bin', '/misc/opt/gcc/7.3.0/include', '/usr/lib64/qt-3.3/bin', '/usr/local/bin', '/usr/bin', '/usr/local/sbin', '/usr/sbin', '/home/mdiarra/bin'] var='PKGCONFIG' -> ['/usr/bin/pkg-config']
------------------------------------------------------------------
Checking for 'gtk+-2.0' >= 2.12
['/usr/bin/pkg-config', '--atleast-version=2.12', 'gtk+-2.0']
['/usr/bin/pkg-config', '--cflags', '--libs', 'gtk+-2.0']
out: -pthread -I/usr/include/gtk-2.0 -I/usr/lib64/gtk-2.0/include -I/usr/include/atk-1.0 -I/usr/include/cairo -I/usr/include/gdk-pixbuf-2.0 -I/usr/include/pango-1.0 -I/usr/include/glib-2.0 -I/usr/lib64/glib-2.0/include -I/usr/include/harfbuzz -I/usr/include/freetype2 -I/usr/include/libpng15 -I/usr/include/pixman-1 -I/usr/include/libdrm  -lgtk-x11-2.0 -lgdk-x11-2.0 -latk-1.0 -lgio-2.0 -lpangoft2-1.0 -lpangocairo-1.0 -lgdk_pixbuf-2.0 -lcairo -lpango-1.0 -lfontconfig -lgobject-2.0 -lglib-2.0 -lfreetype  

yes
------------------------------------------------------------------
Checking for 'libxml-2.0' >= 2.7
['/usr/bin/pkg-config', '--atleast-version=2.7', 'libxml-2.0']
['/usr/bin/pkg-config', '--cflags', '--libs', 'libxml-2.0']
out: -I/usr/include/libxml2  -lxml2  

yes
------------------------------------------------------------------
Checking for type uint128_t
==>
#include <stdint.h>

int main(int argc, char **argv) {
	(void)argc; (void)argv;
	if ((uint128_t *) 0) return 0;
	if (sizeof (uint128_t)) return 0;
	return 1;
}

<==
[1/2] Compiling [32mbuild/.conf_check_b8dcd37ee3b7540466c41ec8bfdd3a91/test.cpp[0m

['/misc/opt/gcc/7.3.0/bin/g++', '-Wall', '-march=native', '-fstrict-overflow', '-Wstrict-overflow=2', '-std=c++11', '-DNS3_BUILD_PROFILE_OPTIMIZED', '../test.cpp', '-c', '-o', '/home/mdiarra/RAPID/rapid/build/.conf_check_b8dcd37ee3b7540466c41ec8bfdd3a91/testbuild/test.cpp.1.o']
err: ../test.cpp: In function ‘int main(int, char**)’:
../test.cpp:5:7: error: ‘uint128_t’ was not declared in this scope
  if ((uint128_t *) 0) return 0;
       ^~~~~~~~~
../test.cpp:5:7: note: suggested alternative: ‘uint32_t’
  if ((uint128_t *) 0) return 0;
       ^~~~~~~~~
       uint32_t
../test.cpp:5:18: error: expected primary-expression before ‘)’ token
  if ((uint128_t *) 0) return 0;
                  ^
../test.cpp:5:20: error: expected ‘)’ before numeric constant
  if ((uint128_t *) 0) return 0;
                    ^
../test.cpp:6:14: error: ‘uint128_t’ was not declared in this scope
  if (sizeof (uint128_t)) return 0;
              ^~~~~~~~~
../test.cpp:6:14: note: suggested alternative: ‘uint32_t’
  if (sizeof (uint128_t)) return 0;
              ^~~~~~~~~
              uint32_t

from /home/mdiarra/RAPID/rapid/src/core: Test does not build: Traceback (most recent call last):
  File "/home/mdiarra/RAPID/rapid/.waf-1.8.19-b1fc8f7baef51bd2db4c2971909a568d/waflib/Configure.py", line 335, in run_build
    bld.compile()
  File "/home/mdiarra/RAPID/rapid/.waf-1.8.19-b1fc8f7baef51bd2db4c2971909a568d/waflib/Build.py", line 185, in compile
    raise Errors.BuildError(self.producer.error)
BuildError: Build failed
 -> task in 'testprog' failed (exit status 1): 
	{task 25160528: cxx test.cpp -> test.cpp.1.o}
['/misc/opt/gcc/7.3.0/bin/g++', '-Wall', '-march=native', '-fstrict-overflow', '-Wstrict-overflow=2', '-std=c++11', '-DNS3_BUILD_PROFILE_OPTIMIZED', '../test.cpp', '-c', '-o', '/home/mdiarra/RAPID/rapid/build/.conf_check_b8dcd37ee3b7540466c41ec8bfdd3a91/testbuild/test.cpp.1.o']

not found
from /home/mdiarra/RAPID/rapid/src/core: The configuration failed
------------------------------------------------------------------
Checking for type __uint128_t
==>
#include <stdint.h>

int main(int argc, char **argv) {
	(void)argc; (void)argv;
	if ((__uint128_t *) 0) return 0;
	if (sizeof (__uint128_t)) return 0;
	return 1;
}

<==
[1/2] Compiling [32mbuild/.conf_check_6d722b87b5bb02ab27a27319057aec18/test.cpp[0m

['/misc/opt/gcc/7.3.0/bin/g++', '-Wall', '-march=native', '-fstrict-overflow', '-Wstrict-overflow=2', '-std=c++11', '-DNS3_BUILD_PROFILE_OPTIMIZED', '../test.cpp', '-c', '-o', '/home/mdiarra/RAPID/rapid/build/.conf_check_6d722b87b5bb02ab27a27319057aec18/testbuild/test.cpp.1.o']
[2/2] Linking [33mbuild/.conf_check_6d722b87b5bb02ab27a27319057aec18/testbuild/testprog[0m

['/misc/opt/gcc/7.3.0/bin/g++', 'test.cpp.1.o', '-o', '/home/mdiarra/RAPID/rapid/build/.conf_check_6d722b87b5bb02ab27a27319057aec18/testbuild/testprog', '-Wl,-Bstatic', '-Wl,-Bdynamic']
yes
------------------------------------------------------------------
Checking high precision implementation
128-bit integer (default)
------------------------------------------------------------------
Checking for header stdint.h
==>
#include <stdint.h>

int main(int argc, char **argv) {
	(void)argc; (void)argv;
	return 0;
}

<==
[1/2] Compiling [32mbuild/.conf_check_a5766788d9a2fb445b8d8d75e5f9562e/test.cpp[0m

['/misc/opt/gcc/7.3.0/bin/g++', '-Wall', '-march=native', '-fstrict-overflow', '-Wstrict-overflow=2', '-std=c++11', '-DNS3_BUILD_PROFILE_OPTIMIZED', '-DHAVE___UINT128_T=1', '-DINT64X64_USE_128=1', '../test.cpp', '-c', '-o', '/home/mdiarra/RAPID/rapid/build/.conf_check_a5766788d9a2fb445b8d8d75e5f9562e/testbuild/test.cpp.1.o']
[2/2] Linking [33mbuild/.conf_check_a5766788d9a2fb445b8d8d75e5f9562e/testbuild/testprog[0m

['/misc/opt/gcc/7.3.0/bin/g++', 'test.cpp.1.o', '-o', '/home/mdiarra/RAPID/rapid/build/.conf_check_a5766788d9a2fb445b8d8d75e5f9562e/testbuild/testprog', '-Wl,-Bstatic', '-Wl,-Bdynamic']
yes
------------------------------------------------------------------
Checking for header inttypes.h
==>
#include <inttypes.h>

int main(int argc, char **argv) {
	(void)argc; (void)argv;
	return 0;
}

<==
[1/2] Compiling [32mbuild/.conf_check_6858af1e77b574dfc2d13bb800b89802/test.cpp[0m

['/misc/opt/gcc/7.3.0/bin/g++', '-Wall', '-march=native', '-fstrict-overflow', '-Wstrict-overflow=2', '-std=c++11', '-DNS3_BUILD_PROFILE_OPTIMIZED', '-DHAVE___UINT128_T=1', '-DINT64X64_USE_128=1', '-DHAVE_STDINT_H=1', '../test.cpp', '-c', '-o', '/home/mdiarra/RAPID/rapid/build/.conf_check_6858af1e77b574dfc2d13bb800b89802/testbuild/test.cpp.1.o']
[2/2] Linking [33mbuild/.conf_check_6858af1e77b574dfc2d13bb800b89802/testbuild/testprog[0m

['/misc/opt/gcc/7.3.0/bin/g++', 'test.cpp.1.o', '-o', '/home/mdiarra/RAPID/rapid/build/.conf_check_6858af1e77b574dfc2d13bb800b89802/testbuild/testprog', '-Wl,-Bstatic', '-Wl,-Bdynamic']
yes
------------------------------------------------------------------
Checking for header sys/inttypes.h
==>
#include <sys/inttypes.h>

int main(int argc, char **argv) {
	(void)argc; (void)argv;
	return 0;
}

<==
[1/2] Compiling [32mbuild/.conf_check_fa983b0acb446f5d75c96f7b45d774a4/test.cpp[0m

['/misc/opt/gcc/7.3.0/bin/g++', '-Wall', '-march=native', '-fstrict-overflow', '-Wstrict-overflow=2', '-std=c++11', '-DNS3_BUILD_PROFILE_OPTIMIZED', '-DHAVE___UINT128_T=1', '-DINT64X64_USE_128=1', '-DHAVE_STDINT_H=1', '-DHAVE_INTTYPES_H=1', '../test.cpp', '-c', '-o', '/home/mdiarra/RAPID/rapid/build/.conf_check_fa983b0acb446f5d75c96f7b45d774a4/testbuild/test.cpp.1.o']
err: ../test.cpp:1:10: fatal error: sys/inttypes.h: No such file or directory
 #include <sys/inttypes.h>
          ^~~~~~~~~~~~~~~~
compilation terminated.

from /home/mdiarra/RAPID/rapid/src/core: Test does not build: Traceback (most recent call last):
  File "/home/mdiarra/RAPID/rapid/.waf-1.8.19-b1fc8f7baef51bd2db4c2971909a568d/waflib/Configure.py", line 335, in run_build
    bld.compile()
  File "/home/mdiarra/RAPID/rapid/.waf-1.8.19-b1fc8f7baef51bd2db4c2971909a568d/waflib/Build.py", line 185, in compile
    raise Errors.BuildError(self.producer.error)
BuildError: Build failed
 -> task in 'testprog' failed (exit status 1): 
	{task 26857808: cxx test.cpp -> test.cpp.1.o}
['/misc/opt/gcc/7.3.0/bin/g++', '-Wall', '-march=native', '-fstrict-overflow', '-Wstrict-overflow=2', '-std=c++11', '-DNS3_BUILD_PROFILE_OPTIMIZED', '-DHAVE___UINT128_T=1', '-DINT64X64_USE_128=1', '-DHAVE_STDINT_H=1', '-DHAVE_INTTYPES_H=1', '../test.cpp', '-c', '-o', '/home/mdiarra/RAPID/rapid/build/.conf_check_fa983b0acb446f5d75c96f7b45d774a4/testbuild/test.cpp.1.o']

not found
from /home/mdiarra/RAPID/rapid/src/core: The configuration failed
------------------------------------------------------------------
Checking for header sys/types.h
==>
#include <sys/types.h>

int main(int argc, char **argv) {
	(void)argc; (void)argv;
	return 0;
}

<==
[1/2] Compiling [32mbuild/.conf_check_718593d70e79495ee227058805d2c0be/test.cpp[0m

['/misc/opt/gcc/7.3.0/bin/g++', '-Wall', '-march=native', '-fstrict-overflow', '-Wstrict-overflow=2', '-std=c++11', '-DNS3_BUILD_PROFILE_OPTIMIZED', '-DHAVE___UINT128_T=1', '-DINT64X64_USE_128=1', '-DHAVE_STDINT_H=1', '-DHAVE_INTTYPES_H=1', '../test.cpp', '-c', '-o', '/home/mdiarra/RAPID/rapid/build/.conf_check_718593d70e79495ee227058805d2c0be/testbuild/test.cpp.1.o']
[2/2] Linking [33mbuild/.conf_check_718593d70e79495ee227058805d2c0be/testbuild/testprog[0m

['/misc/opt/gcc/7.3.0/bin/g++', 'test.cpp.1.o', '-o', '/home/mdiarra/RAPID/rapid/build/.conf_check_718593d70e79495ee227058805d2c0be/testbuild/testprog', '-Wl,-Bstatic', '-Wl,-Bdynamic']
yes
------------------------------------------------------------------
Checking for header sys/stat.h
==>
#include <sys/stat.h>

int main(int argc, char **argv) {
	(void)argc; (void)argv;
	return 0;
}

<==
[1/2] Compiling [32mbuild/.conf_check_b416264ec16eb1a264501febefbd6945/test.cpp[0m

['/misc/opt/gcc/7.3.0/bin/g++', '-Wall', '-march=native', '-fstrict-overflow', '-Wstrict-overflow=2', '-std=c++11', '-DNS3_BUILD_PROFILE_OPTIMIZED', '-DHAVE___UINT128_T=1', '-DINT64X64_USE_128=1', '-DHAVE_STDINT_H=1', '-DHAVE_INTTYPES_H=1', '-DHAVE_SYS_TYPES_H=1', '../test.cpp', '-c', '-o', '/home/mdiarra/RAPID/rapid/build/.conf_check_b416264ec16eb1a264501febefbd6945/testbuild/test.cpp.1.o']
[2/2] Linking [33mbuild/.conf_check_b416264ec16eb1a264501febefbd6945/testbuild/testprog[0m

['/misc/opt/gcc/7.3.0/bin/g++', 'test.cpp.1.o', '-o', '/home/mdiarra/RAPID/rapid/build/.conf_check_b416264ec16eb1a264501febefbd6945/testbuild/testprog', '-Wl,-Bstatic', '-Wl,-Bdynamic']
yes
------------------------------------------------------------------
Checking for header dirent.h
==>
#include <dirent.h>

int main(int argc, char **argv) {
	(void)argc; (void)argv;
	return 0;
}

<==
[1/2] Compiling [32mbuild/.conf_check_a7f10f100e5716292188bd178614879e/test.cpp[0m

['/misc/opt/gcc/7.3.0/bin/g++', '-Wall', '-march=native', '-fstrict-overflow', '-Wstrict-overflow=2', '-std=c++11', '-DNS3_BUILD_PROFILE_OPTIMIZED', '-DHAVE___UINT128_T=1', '-DINT64X64_USE_128=1', '-DHAVE_STDINT_H=1', '-DHAVE_INTTYPES_H=1', '-DHAVE_SYS_TYPES_H=1', '-DHAVE_SYS_STAT_H=1', '../test.cpp', '-c', '-o', '/home/mdiarra/RAPID/rapid/build/.conf_check_a7f10f100e5716292188bd178614879e/testbuild/test.cpp.1.o']
[2/2] Linking [33mbuild/.conf_check_a7f10f100e5716292188bd178614879e/testbuild/testprog[0m

['/misc/opt/gcc/7.3.0/bin/g++', 'test.cpp.1.o', '-o', '/home/mdiarra/RAPID/rapid/build/.conf_check_a7f10f100e5716292188bd178614879e/testbuild/testprog', '-Wl,-Bstatic', '-Wl,-Bdynamic']
yes
------------------------------------------------------------------
Checking for header stdlib.h
==>
#include <stdlib.h>

int main(int argc, char **argv) {
	(void)argc; (void)argv;
	return 0;
}

<==
[1/2] Compiling [32mbuild/.conf_check_ef8f4b75bceef8f17b6628e87e163650/test.cpp[0m

['/misc/opt/gcc/7.3.0/bin/g++', '-Wall', '-march=native', '-fstrict-overflow', '-Wstrict-overflow=2', '-std=c++11', '-DNS3_BUILD_PROFILE_OPTIMIZED', '-DHAVE___UINT128_T=1', '-DINT64X64_USE_128=1', '-DHAVE_STDINT_H=1', '-DHAVE_INTTYPES_H=1', '-DHAVE_SYS_TYPES_H=1', '-DHAVE_SYS_STAT_H=1', '-DHAVE_DIRENT_H=1', '../test.cpp', '-c', '-o', '/home/mdiarra/RAPID/rapid/build/.conf_check_ef8f4b75bceef8f17b6628e87e163650/testbuild/test.cpp.1.o']
[2/2] Linking [33mbuild/.conf_check_ef8f4b75bceef8f17b6628e87e163650/testbuild/testprog[0m

['/misc/opt/gcc/7.3.0/bin/g++', 'test.cpp.1.o', '-o', '/home/mdiarra/RAPID/rapid/build/.conf_check_ef8f4b75bceef8f17b6628e87e163650/testbuild/testprog', '-Wl,-Bstatic', '-Wl,-Bdynamic']
yes
------------------------------------------------------------------
Checking for header signal.h
==>
#include <signal.h>

int main(int argc, char **argv) {
	(void)argc; (void)argv;
	return 0;
}

<==
[1/2] Compiling [32mbuild/.conf_check_fd20ee86a679a6f16873fb36747df6ef/test.cpp[0m

['/misc/opt/gcc/7.3.0/bin/g++', '-Wall', '-march=native', '-fstrict-overflow', '-Wstrict-overflow=2', '-std=c++11', '-DNS3_BUILD_PROFILE_OPTIMIZED', '-DHAVE___UINT128_T=1', '-DINT64X64_USE_128=1', '-DHAVE_STDINT_H=1', '-DHAVE_INTTYPES_H=1', '-DHAVE_SYS_TYPES_H=1', '-DHAVE_SYS_STAT_H=1', '-DHAVE_DIRENT_H=1', '-DHAVE_STDLIB_H=1', '-DHAVE_GETENV=1', '../test.cpp', '-c', '-o', '/home/mdiarra/RAPID/rapid/build/.conf_check_fd20ee86a679a6f16873fb36747df6ef/testbuild/test.cpp.1.o']
[2/2] Linking [33mbuild/.conf_check_fd20ee86a679a6f16873fb36747df6ef/testbuild/testprog[0m

['/misc/opt/gcc/7.3.0/bin/g++', 'test.cpp.1.o', '-o', '/home/mdiarra/RAPID/rapid/build/.conf_check_fd20ee86a679a6f16873fb36747df6ef/testbuild/testprog', '-Wl,-Bstatic', '-Wl,-Bdynamic']
yes
------------------------------------------------------------------
Checking for header pthread.h
==>

#include <pthread.h>
int main ()
{
   pthread_mutex_t m;
   pthread_mutex_init (&m, NULL);
   return 0;
}

<==
[1/2] Compiling [32mbuild/.conf_check_d32b8bf4ab8f75cd0f362e30f183c882/test.cpp[0m

['/misc/opt/gcc/7.3.0/bin/g++', '-Wall', '-march=native', '-fstrict-overflow', '-Wstrict-overflow=2', '-std=c++11', '-pthread', '-DNS3_BUILD_PROFILE_OPTIMIZED', '-DHAVE___UINT128_T=1', '-DINT64X64_USE_128=1', '-DHAVE_STDINT_H=1', '-DHAVE_INTTYPES_H=1', '-DHAVE_SYS_TYPES_H=1', '-DHAVE_SYS_STAT_H=1', '-DHAVE_DIRENT_H=1', '-DHAVE_STDLIB_H=1', '-DHAVE_GETENV=1', '-DHAVE_SIGNAL_H=1', '../test.cpp', '-c', '-o', '/home/mdiarra/RAPID/rapid/build/.conf_check_d32b8bf4ab8f75cd0f362e30f183c882/testbuild/test.cpp.1.o']
[2/2] Linking [33mbuild/.conf_check_d32b8bf4ab8f75cd0f362e30f183c882/testbuild/testprog[0m

['/misc/opt/gcc/7.3.0/bin/g++', '-pthread', 'test.cpp.1.o', '-o', '/home/mdiarra/RAPID/rapid/build/.conf_check_d32b8bf4ab8f75cd0f362e30f183c882/testbuild/testprog', '-Wl,-Bstatic', '-Wl,-Bdynamic']
yes
------------------------------------------------------------------
Checking for header stdint.h
==>
#include <stdint.h>

int main(int argc, char **argv) {
	(void)argc; (void)argv;
	return 0;
}

<==
[1/2] Compiling [32mbuild/.conf_check_a5766788d9a2fb445b8d8d75e5f9562e/test.cpp[0m

['/misc/opt/gcc/7.3.0/bin/g++', '-Wall', '-march=native', '-fstrict-overflow', '-Wstrict-overflow=2', '-std=c++11', '-DNS3_BUILD_PROFILE_OPTIMIZED', '-DHAVE___UINT128_T=1', '-DINT64X64_USE_128=1', '-DHAVE_INTTYPES_H=1', '-DHAVE_SYS_TYPES_H=1', '-DHAVE_SYS_STAT_H=1', '-DHAVE_DIRENT_H=1', '-DHAVE_STDLIB_H=1', '-DHAVE_GETENV=1', '-DHAVE_SIGNAL_H=1', '-DHAVE_PTHREAD_H=1', '../test.cpp', '-c', '-o', '/home/mdiarra/RAPID/rapid/build/.conf_check_a5766788d9a2fb445b8d8d75e5f9562e/testbuild/test.cpp.1.o']
[2/2] Linking [33mbuild/.conf_check_a5766788d9a2fb445b8d8d75e5f9562e/testbuild/testprog[0m

['/misc/opt/gcc/7.3.0/bin/g++', 'test.cpp.1.o', '-o', '/home/mdiarra/RAPID/rapid/build/.conf_check_a5766788d9a2fb445b8d8d75e5f9562e/testbuild/testprog', '-Wl,-Bstatic', '-Wl,-Bdynamic']
yes
------------------------------------------------------------------
Checking for header inttypes.h
==>
#include <inttypes.h>

int main(int argc, char **argv) {
	(void)argc; (void)argv;
	return 0;
}

<==
[1/2] Compiling [32mbuild/.conf_check_6858af1e77b574dfc2d13bb800b89802/test.cpp[0m

['/misc/opt/gcc/7.3.0/bin/g++', '-Wall', '-march=native', '-fstrict-overflow', '-Wstrict-overflow=2', '-std=c++11', '-DNS3_BUILD_PROFILE_OPTIMIZED', '-DHAVE___UINT128_T=1', '-DINT64X64_USE_128=1', '-DHAVE_SYS_TYPES_H=1', '-DHAVE_SYS_STAT_H=1', '-DHAVE_DIRENT_H=1', '-DHAVE_STDLIB_H=1', '-DHAVE_GETENV=1', '-DHAVE_SIGNAL_H=1', '-DHAVE_PTHREAD_H=1', '-DHAVE_STDINT_H=1', '../test.cpp', '-c', '-o', '/home/mdiarra/RAPID/rapid/build/.conf_check_6858af1e77b574dfc2d13bb800b89802/testbuild/test.cpp.1.o']
[2/2] Linking [33mbuild/.conf_check_6858af1e77b574dfc2d13bb800b89802/testbuild/testprog[0m

['/misc/opt/gcc/7.3.0/bin/g++', 'test.cpp.1.o', '-o', '/home/mdiarra/RAPID/rapid/build/.conf_check_6858af1e77b574dfc2d13bb800b89802/testbuild/testprog', '-Wl,-Bstatic', '-Wl,-Bdynamic']
yes
------------------------------------------------------------------
Checking for header sys/inttypes.h
==>
#include <sys/inttypes.h>

int main(int argc, char **argv) {
	(void)argc; (void)argv;
	return 0;
}

<==
[1/2] Compiling [32mbuild/.conf_check_fa983b0acb446f5d75c96f7b45d774a4/test.cpp[0m

['/misc/opt/gcc/7.3.0/bin/g++', '-Wall', '-march=native', '-fstrict-overflow', '-Wstrict-overflow=2', '-std=c++11', '-DNS3_BUILD_PROFILE_OPTIMIZED', '-DHAVE___UINT128_T=1', '-DINT64X64_USE_128=1', '-DHAVE_SYS_TYPES_H=1', '-DHAVE_SYS_STAT_H=1', '-DHAVE_DIRENT_H=1', '-DHAVE_STDLIB_H=1', '-DHAVE_GETENV=1', '-DHAVE_SIGNAL_H=1', '-DHAVE_PTHREAD_H=1', '-DHAVE_STDINT_H=1', '-DHAVE_INTTYPES_H=1', '../test.cpp', '-c', '-o', '/home/mdiarra/RAPID/rapid/build/.conf_check_fa983b0acb446f5d75c96f7b45d774a4/testbuild/test.cpp.1.o']
err: ../test.cpp:1:10: fatal error: sys/inttypes.h: No such file or directory
 #include <sys/inttypes.h>
          ^~~~~~~~~~~~~~~~
compilation terminated.

from /home/mdiarra/RAPID/rapid/src/core: Test does not build: Traceback (most recent call last):
  File "/home/mdiarra/RAPID/rapid/.waf-1.8.19-b1fc8f7baef51bd2db4c2971909a568d/waflib/Configure.py", line 335, in run_build
    bld.compile()
  File "/home/mdiarra/RAPID/rapid/.waf-1.8.19-b1fc8f7baef51bd2db4c2971909a568d/waflib/Build.py", line 185, in compile
    raise Errors.BuildError(self.producer.error)
BuildError: Build failed
 -> task in 'testprog' failed (exit status 1): 
	{task 25107920: cxx test.cpp -> test.cpp.1.o}
['/misc/opt/gcc/7.3.0/bin/g++', '-Wall', '-march=native', '-fstrict-overflow', '-Wstrict-overflow=2', '-std=c++11', '-DNS3_BUILD_PROFILE_OPTIMIZED', '-DHAVE___UINT128_T=1', '-DINT64X64_USE_128=1', '-DHAVE_SYS_TYPES_H=1', '-DHAVE_SYS_STAT_H=1', '-DHAVE_DIRENT_H=1', '-DHAVE_STDLIB_H=1', '-DHAVE_GETENV=1', '-DHAVE_SIGNAL_H=1', '-DHAVE_PTHREAD_H=1', '-DHAVE_STDINT_H=1', '-DHAVE_INTTYPES_H=1', '../test.cpp', '-c', '-o', '/home/mdiarra/RAPID/rapid/build/.conf_check_fa983b0acb446f5d75c96f7b45d774a4/testbuild/test.cpp.1.o']

not found
from /home/mdiarra/RAPID/rapid/src/core: The configuration failed
------------------------------------------------------------------
Checking for library rt
==>

int main(int argc, char **argv) {
	(void)argc; (void)argv;
	return 0;
}

<==
[1/2] Compiling [32mbuild/.conf_check_8fd688a9ae5343e451d32bc80040134f/test.cpp[0m

['/misc/opt/gcc/7.3.0/bin/g++', '-Wall', '-march=native', '-fstrict-overflow', '-Wstrict-overflow=2', '-std=c++11', '-pthread', '-DNS3_BUILD_PROFILE_OPTIMIZED', '-DHAVE___UINT128_T=1', '-DINT64X64_USE_128=1', '-DHAVE_SYS_TYPES_H=1', '-DHAVE_SYS_STAT_H=1', '-DHAVE_DIRENT_H=1', '-DHAVE_STDLIB_H=1', '-DHAVE_GETENV=1', '-DHAVE_SIGNAL_H=1', '-DHAVE_PTHREAD_H=1', '-DHAVE_STDINT_H=1', '-DHAVE_INTTYPES_H=1', '../test.cpp', '-c', '-o', '/home/mdiarra/RAPID/rapid/build/.conf_check_8fd688a9ae5343e451d32bc80040134f/testbuild/test.cpp.1.o']
[2/2] Linking [33mbuild/.conf_check_8fd688a9ae5343e451d32bc80040134f/testbuild/testprog[0m

['/misc/opt/gcc/7.3.0/bin/g++', '-pthread', 'test.cpp.1.o', '-o', '/home/mdiarra/RAPID/rapid/build/.conf_check_8fd688a9ae5343e451d32bc80040134f/testbuild/testprog', '-Wl,-Bstatic', '-Wl,-Bdynamic', '-lrt']
yes
------------------------------------------------------------------
Checking for header sys/ioctl.h
==>
#include <sys/ioctl.h>

int main(int argc, char **argv) {
	(void)argc; (void)argv;
	return 0;
}

<==
[1/2] Compiling [32mbuild/.conf_check_cb086c310142c55136c303670703e5c4/test.cpp[0m

['/misc/opt/gcc/7.3.0/bin/g++', '-Wall', '-march=native', '-fstrict-overflow', '-Wstrict-overflow=2', '-std=c++11', '-DNS3_BUILD_PROFILE_OPTIMIZED', '../test.cpp', '-c', '-o', '/home/mdiarra/RAPID/rapid/build/.conf_check_cb086c310142c55136c303670703e5c4/testbuild/test.cpp.1.o']
[2/2] Linking [33mbuild/.conf_check_cb086c310142c55136c303670703e5c4/testbuild/testprog[0m

['/misc/opt/gcc/7.3.0/bin/g++', 'test.cpp.1.o', '-o', '/home/mdiarra/RAPID/rapid/build/.conf_check_cb086c310142c55136c303670703e5c4/testbuild/testprog', '-Wl,-Bstatic', '-Wl,-Bdynamic']
yes
------------------------------------------------------------------
Checking for header net/if.h
==>
#include <net/if.h>

int main(int argc, char **argv) {
	(void)argc; (void)argv;
	return 0;
}

<==
[1/2] Compiling [32mbuild/.conf_check_e6ad92112b0a4f86d197ad7bdfab6594/test.cpp[0m

['/misc/opt/gcc/7.3.0/bin/g++', '-Wall', '-march=native', '-fstrict-overflow', '-Wstrict-overflow=2', '-std=c++11', '-DNS3_BUILD_PROFILE_OPTIMIZED', '-DHAVE_SYS_IOCTL_H=1', '../test.cpp', '-c', '-o', '/home/mdiarra/RAPID/rapid/build/.conf_check_e6ad92112b0a4f86d197ad7bdfab6594/testbuild/test.cpp.1.o']
[2/2] Linking [33mbuild/.conf_check_e6ad92112b0a4f86d197ad7bdfab6594/testbuild/testprog[0m

['/misc/opt/gcc/7.3.0/bin/g++', 'test.cpp.1.o', '-o', '/home/mdiarra/RAPID/rapid/build/.conf_check_e6ad92112b0a4f86d197ad7bdfab6594/testbuild/testprog', '-Wl,-Bstatic', '-Wl,-Bdynamic']
yes
------------------------------------------------------------------
Checking for header net/ethernet.h
==>
#include <net/ethernet.h>

int main(int argc, char **argv) {
	(void)argc; (void)argv;
	return 0;
}

<==
[1/2] Compiling [32mbuild/.conf_check_867b041b05cd3e1f95d871d0b25ac4e8/test.cpp[0m

['/misc/opt/gcc/7.3.0/bin/g++', '-Wall', '-march=native', '-fstrict-overflow', '-Wstrict-overflow=2', '-std=c++11', '-DNS3_BUILD_PROFILE_OPTIMIZED', '-DHAVE_SYS_IOCTL_H=1', '-DHAVE_IF_NETS_H=1', '../test.cpp', '-c', '-o', '/home/mdiarra/RAPID/rapid/build/.conf_check_867b041b05cd3e1f95d871d0b25ac4e8/testbuild/test.cpp.1.o']
[2/2] Linking [33mbuild/.conf_check_867b041b05cd3e1f95d871d0b25ac4e8/testbuild/testprog[0m

['/misc/opt/gcc/7.3.0/bin/g++', 'test.cpp.1.o', '-o', '/home/mdiarra/RAPID/rapid/build/.conf_check_867b041b05cd3e1f95d871d0b25ac4e8/testbuild/testprog', '-Wl,-Bstatic', '-Wl,-Bdynamic']
yes
------------------------------------------------------------------
Checking for header linux/if_tun.h
==>
#include <linux/if_tun.h>

int main(int argc, char **argv) {
	(void)argc; (void)argv;
	return 0;
}

<==
[1/2] Compiling [32mbuild/.conf_check_781afed363b65a5fa1c7413425418c2d/test.cpp[0m

['/misc/opt/gcc/7.3.0/bin/g++', '-Wall', '-march=native', '-fstrict-overflow', '-Wstrict-overflow=2', '-std=c++11', '-DNS3_BUILD_PROFILE_OPTIMIZED', '-DHAVE_SYS_IOCTL_H=1', '-DHAVE_IF_NETS_H=1', '-DHAVE_NET_ETHERNET_H=1', '../test.cpp', '-c', '-o', '/home/mdiarra/RAPID/rapid/build/.conf_check_781afed363b65a5fa1c7413425418c2d/testbuild/test.cpp.1.o']
[2/2] Linking [33mbuild/.conf_check_781afed363b65a5fa1c7413425418c2d/testbuild/testprog[0m

['/misc/opt/gcc/7.3.0/bin/g++', 'test.cpp.1.o', '-o', '/home/mdiarra/RAPID/rapid/build/.conf_check_781afed363b65a5fa1c7413425418c2d/testbuild/testprog', '-Wl,-Bstatic', '-Wl,-Bdynamic']
yes
------------------------------------------------------------------
Checking for header netpacket/packet.h
==>
#include <netpacket/packet.h>

int main(int argc, char **argv) {
	(void)argc; (void)argv;
	return 0;
}

<==
[1/2] Compiling [32mbuild/.conf_check_fff0784606a67c94baef19cef9af8f08/test.cpp[0m

['/misc/opt/gcc/7.3.0/bin/g++', '-Wall', '-march=native', '-fstrict-overflow', '-Wstrict-overflow=2', '-std=c++11', '-DNS3_BUILD_PROFILE_OPTIMIZED', '-DHAVE_SYS_IOCTL_H=1', '-DHAVE_IF_NETS_H=1', '-DHAVE_NET_ETHERNET_H=1', '-DHAVE_IF_TUN_H=1', '../test.cpp', '-c', '-o', '/home/mdiarra/RAPID/rapid/build/.conf_check_fff0784606a67c94baef19cef9af8f08/testbuild/test.cpp.1.o']
[2/2] Linking [33mbuild/.conf_check_fff0784606a67c94baef19cef9af8f08/testbuild/testprog[0m

['/misc/opt/gcc/7.3.0/bin/g++', 'test.cpp.1.o', '-o', '/home/mdiarra/RAPID/rapid/build/.conf_check_fff0784606a67c94baef19cef9af8f08/testbuild/testprog', '-Wl,-Bstatic', '-Wl,-Bdynamic']
yes
------------------------------------------------------------------
Checking for NSC location
not found
------------------------------------------------------------------
Checking for OpenFlow location
not found
------------------------------------------------------------------
Checking for 'sqlite3'
['/usr/bin/pkg-config', '--cflags', '--libs', 'sqlite3']
out:  -lsqlite3  

yes
------------------------------------------------------------------
Checking for header linux/if_tun.h
==>
#include <linux/if_tun.h>

int main(int argc, char **argv) {
	(void)argc; (void)argv;
	return 0;
}

<==
[1/2] Compiling [32mbuild/.conf_check_781afed363b65a5fa1c7413425418c2d/test.cpp[0m

['/misc/opt/gcc/7.3.0/bin/g++', '-Wall', '-march=native', '-fstrict-overflow', '-Wstrict-overflow=2', '-std=c++11', '-DNS3_BUILD_PROFILE_OPTIMIZED', '-DHAVE_SYS_IOCTL_H=1', '-DHAVE_IF_NETS_H=1', '-DHAVE_NET_ETHERNET_H=1', '-DHAVE_PACKET_H=1', '../test.cpp', '-c', '-o', '/home/mdiarra/RAPID/rapid/build/.conf_check_781afed363b65a5fa1c7413425418c2d/testbuild/test.cpp.1.o']
[2/2] Linking [33mbuild/.conf_check_781afed363b65a5fa1c7413425418c2d/testbuild/testprog[0m

['/misc/opt/gcc/7.3.0/bin/g++', 'test.cpp.1.o', '-o', '/home/mdiarra/RAPID/rapid/build/.conf_check_781afed363b65a5fa1c7413425418c2d/testbuild/testprog', '-Wl,-Bstatic', '-Wl,-Bdynamic']
yes
(tool boost is already loaded, skipping)
------------------------------------------------------------------
Checking boost includes
1_53
------------------------------------------------------------------
Checking for program 'sudo'
/usr/bin/sudo
find program=['sudo'] paths=['/misc/opt/gcc/7.3.0/bin', '/misc/opt/gcc/7.3.0/include', '/usr/lib64/qt-3.3/bin', '/usr/local/bin', '/usr/bin', '/usr/local/sbin', '/usr/sbin', '/home/mdiarra/bin'] var='SUDO' -> ['/usr/bin/sudo']
------------------------------------------------------------------
Checking for program 'valgrind'
/usr/bin/valgrind
find program=['valgrind'] paths=['/misc/opt/gcc/7.3.0/bin', '/misc/opt/gcc/7.3.0/include', '/usr/lib64/qt-3.3/bin', '/usr/local/bin', '/usr/bin', '/usr/local/sbin', '/usr/sbin', '/home/mdiarra/bin'] var='VALGRIND' -> ['/usr/bin/valgrind']
------------------------------------------------------------------
Checking for 'gsl'
['/usr/bin/pkg-config', '--cflags', '--libs', 'gsl']
out:  -lgsl -lgslcblas -lm  

yes
------------------------------------------------------------------
python-config
/usr/bin/libgcrypt-config
find program=['libgcrypt-config'] paths=['/misc/opt/gcc/7.3.0/bin', '/misc/opt/gcc/7.3.0/include', '/usr/lib64/qt-3.3/bin', '/usr/local/bin', '/usr/bin', '/usr/local/sbin', '/usr/sbin', '/home/mdiarra/bin'] var='LIBGCRYPT_CONFIG' -> ['/usr/bin/libgcrypt-config']
------------------------------------------------------------------
Checking for libgcrypt
['/usr/bin/libgcrypt-config', '--cflags', '--libs']
out: 
-lgcrypt -ldl -lgpg-error

yes
------------------------------------------------------------------
Checking for compilation flag -Wno-error=deprecated-d... support
==>
int main() { return 0; }
<==
[1/1] Compiling [32mbuild/.conf_check_049a9c640acf0b84051e5b89ef76dd99/test.c[0m

['/misc/opt/gcc/7.3.0/bin/gcc', '-Wno-error=deprecated-declarations', '-DNS3_BUILD_PROFILE_OPTIMIZED', '-DHAVE_SYS_IOCTL_H=1', '-DHAVE_IF_NETS_H=1', '-DHAVE_NET_ETHERNET_H=1', '-DHAVE_PACKET_H=1', '-DHAVE_IF_TUN_H=1', '-DHAVE_=1', '../test.c', '-c', '-o', '/home/mdiarra/RAPID/rapid/build/.conf_check_049a9c640acf0b84051e5b89ef76dd99/testbuild/test.c.1.o']
ok
------------------------------------------------------------------
Checking for compilation flag -fstrict-aliasing support
==>
int main() { return 0; }
<==
[1/1] Compiling [32mbuild/.conf_check_049a9c640acf0b84051e5b89ef76dd99/test.c[0m

['/misc/opt/gcc/7.3.0/bin/gcc', '-fstrict-aliasing', '-DNS3_BUILD_PROFILE_OPTIMIZED', '-DHAVE_SYS_IOCTL_H=1', '-DHAVE_IF_NETS_H=1', '-DHAVE_NET_ETHERNET_H=1', '-DHAVE_PACKET_H=1', '-DHAVE_IF_TUN_H=1', '-DHAVE_=1', '../test.c', '-c', '-o', '/home/mdiarra/RAPID/rapid/build/.conf_check_049a9c640acf0b84051e5b89ef76dd99/testbuild/test.c.1.o']
ok
------------------------------------------------------------------
Checking for compilation flag -Wstrict-aliasing support
==>
int main() { return 0; }
<==
[1/1] Compiling [32mbuild/.conf_check_049a9c640acf0b84051e5b89ef76dd99/test.c[0m

['/misc/opt/gcc/7.3.0/bin/gcc', '-Wstrict-aliasing', '-DNS3_BUILD_PROFILE_OPTIMIZED', '-DHAVE_SYS_IOCTL_H=1', '-DHAVE_IF_NETS_H=1', '-DHAVE_NET_ETHERNET_H=1', '-DHAVE_PACKET_H=1', '-DHAVE_IF_TUN_H=1', '-DHAVE_=1', '../test.c', '-c', '-o', '/home/mdiarra/RAPID/rapid/build/.conf_check_049a9c640acf0b84051e5b89ef76dd99/testbuild/test.c.1.o']
ok
------------------------------------------------------------------
Checking for program 'doxygen'
not found
find program=['doxygen'] paths=['/misc/opt/gcc/7.3.0/bin', '/misc/opt/gcc/7.3.0/include', '/usr/lib64/qt-3.3/bin', '/usr/local/bin', '/usr/bin', '/usr/local/sbin', '/usr/sbin', '/home/mdiarra/bin'] var='DOXYGEN' -> None
from /home/mdiarra/RAPID/rapid: Could not find the program ['doxygen']
